{"$message_type":"diagnostic","level":"error","loc":{"path":"/home/williamz1008/Projects/MoonBit/qtgui/.mooncakes/Kaida-Amethyst/python/cpython/abstract.mbt","start":{"line":10,"col":1},"end":{"line":14,"col":35}},"message":"extern \"C\" is unsupported in wasm-gc backend.","error_code":4156}
{"$message_type":"diagnostic","level":"error","loc":{"path":"/home/williamz1008/Projects/MoonBit/qtgui/.mooncakes/Kaida-Amethyst/python/cpython/abstract.mbt","start":{"line":23,"col":1},"end":{"line":26,"col":41}},"message":"extern \"C\" is unsupported in wasm-gc backend.","error_code":4156}
{"$message_type":"diagnostic","level":"error","loc":{"path":"/home/williamz1008/Projects/MoonBit/qtgui/.mooncakes/Kaida-Amethyst/python/cpython/abstract.mbt","start":{"line":34,"col":1},"end":{"line":34,"col":85}},"message":"extern \"C\" is unsupported in wasm-gc backend.","error_code":4156}
{"$message_type":"diagnostic","level":"error","loc":{"path":"/home/williamz1008/Projects/MoonBit/qtgui/.mooncakes/Kaida-Amethyst/python/cpython/abstract.mbt","start":{"line":42,"col":1},"end":{"line":42,"col":80}},"message":"extern \"C\" is unsupported in wasm-gc backend.","error_code":4156}
{"$message_type":"diagnostic","level":"error","loc":{"path":"/home/williamz1008/Projects/MoonBit/qtgui/.mooncakes/Kaida-Amethyst/python/cpython/abstract.mbt","start":{"line":48,"col":1},"end":{"line":51,"col":38}},"message":"extern \"C\" is unsupported in wasm-gc backend.","error_code":4156}
{"$message_type":"diagnostic","level":"error","loc":{"path":"/home/williamz1008/Projects/MoonBit/qtgui/.mooncakes/Kaida-Amethyst/python/cpython/abstract.mbt","start":{"line":58,"col":1},"end":{"line":62,"col":31}},"message":"extern \"C\" is unsupported in wasm-gc backend.","error_code":4156}
{"$message_type":"diagnostic","level":"error","loc":{"path":"/home/williamz1008/Projects/MoonBit/qtgui/.mooncakes/Kaida-Amethyst/python/cpython/abstract.mbt","start":{"line":68,"col":1},"end":{"line":71,"col":36}},"message":"extern \"C\" is unsupported in wasm-gc backend.","error_code":4156}
{"$message_type":"diagnostic","level":"error","loc":{"path":"/home/williamz1008/Projects/MoonBit/qtgui/.mooncakes/Kaida-Amethyst/python/cpython/abstract.mbt","start":{"line":77,"col":1},"end":{"line":80,"col":30}},"message":"extern \"C\" is unsupported in wasm-gc backend.","error_code":4156}
{"$message_type":"diagnostic","level":"error","loc":{"path":"/home/williamz1008/Projects/MoonBit/qtgui/.mooncakes/Kaida-Amethyst/python/cpython/abstract.mbt","start":{"line":84,"col":1},"end":{"line":87,"col":37}},"message":"extern \"C\" is unsupported in wasm-gc backend.","error_code":4156}
{"$message_type":"diagnostic","level":"error","loc":{"path":"/home/williamz1008/Projects/MoonBit/qtgui/.mooncakes/Kaida-Amethyst/python/cpython/abstract.mbt","start":{"line":92,"col":1},"end":{"line":92,"col":92}},"message":"extern \"C\" is unsupported in wasm-gc backend.","error_code":4156}
{"$message_type":"diagnostic","level":"error","loc":{"path":"/home/williamz1008/Projects/MoonBit/qtgui/.mooncakes/Kaida-Amethyst/python/cpython/abstract.mbt","start":{"line":97,"col":1},"end":{"line":97,"col":74}},"message":"extern \"C\" is unsupported in wasm-gc backend.","error_code":4156}
{"$message_type":"diagnostic","level":"error","loc":{"path":"/home/williamz1008/Projects/MoonBit/qtgui/.mooncakes/Kaida-Amethyst/python/cpython/abstract.mbt","start":{"line":106,"col":1},"end":{"line":106,"col":81}},"message":"extern \"C\" is unsupported in wasm-gc backend.","error_code":4156}
{"$message_type":"diagnostic","level":"error","loc":{"path":"/home/williamz1008/Projects/MoonBit/qtgui/.mooncakes/Kaida-Amethyst/python/cpython/abstract.mbt","start":{"line":111,"col":1},"end":{"line":111,"col":78}},"message":"extern \"C\" is unsupported in wasm-gc backend.","error_code":4156}
{"$message_type":"diagnostic","level":"error","loc":{"path":"/home/williamz1008/Projects/MoonBit/qtgui/.mooncakes/Kaida-Amethyst/python/cpython/abstract.mbt","start":{"line":116,"col":1},"end":{"line":119,"col":34}},"message":"extern \"C\" is unsupported in wasm-gc backend.","error_code":4156}
{"$message_type":"diagnostic","level":"error","loc":{"path":"/home/williamz1008/Projects/MoonBit/qtgui/.mooncakes/Kaida-Amethyst/python/cpython/abstract.mbt","start":{"line":124,"col":1},"end":{"line":127,"col":39}},"message":"extern \"C\" is unsupported in wasm-gc backend.","error_code":4156}
{"$message_type":"diagnostic","level":"error","loc":{"path":"/home/williamz1008/Projects/MoonBit/qtgui/.mooncakes/Kaida-Amethyst/python/cpython/abstract.mbt","start":{"line":132,"col":1},"end":{"line":135,"col":39}},"message":"extern \"C\" is unsupported in wasm-gc backend.","error_code":4156}
{"$message_type":"diagnostic","level":"error","loc":{"path":"/home/williamz1008/Projects/MoonBit/qtgui/.mooncakes/Kaida-Amethyst/python/cpython/abstract.mbt","start":{"line":141,"col":1},"end":{"line":144,"col":42}},"message":"extern \"C\" is unsupported in wasm-gc backend.","error_code":4156}
{"$message_type":"diagnostic","level":"error","loc":{"path":"/home/williamz1008/Projects/MoonBit/qtgui/.mooncakes/Kaida-Amethyst/python/cpython/abstract.mbt","start":{"line":150,"col":1},"end":{"line":153,"col":41}},"message":"extern \"C\" is unsupported in wasm-gc backend.","error_code":4156}
{"$message_type":"diagnostic","level":"error","loc":{"path":"/home/williamz1008/Projects/MoonBit/qtgui/.mooncakes/Kaida-Amethyst/python/cpython/abstract.mbt","start":{"line":158,"col":1},"end":{"line":161,"col":40}},"message":"extern \"C\" is unsupported in wasm-gc backend.","error_code":4156}
{"$message_type":"diagnostic","level":"error","loc":{"path":"/home/williamz1008/Projects/MoonBit/qtgui/.mooncakes/Kaida-Amethyst/python/cpython/abstract.mbt","start":{"line":168,"col":1},"end":{"line":171,"col":37}},"message":"extern \"C\" is unsupported in wasm-gc backend.","error_code":4156}
{"$message_type":"diagnostic","level":"error","loc":{"path":"/home/williamz1008/Projects/MoonBit/qtgui/.mooncakes/Kaida-Amethyst/python/cpython/abstract.mbt","start":{"line":177,"col":1},"end":{"line":181,"col":36}},"message":"extern \"C\" is unsupported in wasm-gc backend.","error_code":4156}
{"$message_type":"diagnostic","level":"error","loc":{"path":"/home/williamz1008/Projects/MoonBit/qtgui/.mooncakes/Kaida-Amethyst/python/cpython/abstract.mbt","start":{"line":186,"col":1},"end":{"line":186,"col":92}},"message":"extern \"C\" is unsupported in wasm-gc backend.","error_code":4156}
{"$message_type":"diagnostic","level":"error","loc":{"path":"/home/williamz1008/Projects/MoonBit/qtgui/.mooncakes/Kaida-Amethyst/python/cpython/abstract.mbt","start":{"line":191,"col":1},"end":{"line":191,"col":92}},"message":"extern \"C\" is unsupported in wasm-gc backend.","error_code":4156}
{"$message_type":"diagnostic","level":"error","loc":{"path":"/home/williamz1008/Projects/MoonBit/qtgui/.mooncakes/Kaida-Amethyst/python/cpython/abstract.mbt","start":{"line":196,"col":1},"end":{"line":196,"col":92}},"message":"extern \"C\" is unsupported in wasm-gc backend.","error_code":4156}
{"$message_type":"diagnostic","level":"error","loc":{"path":"/home/williamz1008/Projects/MoonBit/qtgui/.mooncakes/Kaida-Amethyst/python/cpython/abstract.mbt","start":{"line":201,"col":1},"end":{"line":201,"col":88}},"message":"extern \"C\" is unsupported in wasm-gc backend.","error_code":4156}
{"$message_type":"diagnostic","level":"error","loc":{"path":"/home/williamz1008/Projects/MoonBit/qtgui/.mooncakes/Kaida-Amethyst/python/cpython/abstract.mbt","start":{"line":206,"col":1},"end":{"line":209,"col":37}},"message":"extern \"C\" is unsupported in wasm-gc backend.","error_code":4156}
{"$message_type":"diagnostic","level":"error","loc":{"path":"/home/williamz1008/Projects/MoonBit/qtgui/.mooncakes/Kaida-Amethyst/python/cpython/abstract.mbt","start":{"line":215,"col":1},"end":{"line":218,"col":37}},"message":"extern \"C\" is unsupported in wasm-gc backend.","error_code":4156}
{"$message_type":"diagnostic","level":"error","loc":{"path":"/home/williamz1008/Projects/MoonBit/qtgui/.mooncakes/Kaida-Amethyst/python/cpython/abstract.mbt","start":{"line":224,"col":1},"end":{"line":227,"col":34}},"message":"extern \"C\" is unsupported in wasm-gc backend.","error_code":4156}
{"$message_type":"diagnostic","level":"error","loc":{"path":"/home/williamz1008/Projects/MoonBit/qtgui/.mooncakes/Kaida-Amethyst/python/cpython/abstract.mbt","start":{"line":232,"col":1},"end":{"line":235,"col":34}},"message":"extern \"C\" is unsupported in wasm-gc backend.","error_code":4156}
{"$message_type":"diagnostic","level":"error","loc":{"path":"/home/williamz1008/Projects/MoonBit/qtgui/.mooncakes/Kaida-Amethyst/python/cpython/abstract.mbt","start":{"line":241,"col":1},"end":{"line":244,"col":33}},"message":"extern \"C\" is unsupported in wasm-gc backend.","error_code":4156}
{"$message_type":"diagnostic","level":"error","loc":{"path":"/home/williamz1008/Projects/MoonBit/qtgui/.mooncakes/Kaida-Amethyst/python/cpython/abstract.mbt","start":{"line":248,"col":1},"end":{"line":248,"col":76}},"message":"extern \"C\" is unsupported in wasm-gc backend.","error_code":4156}
{"$message_type":"diagnostic","level":"error","loc":{"path":"/home/williamz1008/Projects/MoonBit/qtgui/.mooncakes/Kaida-Amethyst/python/cpython/abstract.mbt","start":{"line":252,"col":1},"end":{"line":252,"col":86}},"message":"extern \"C\" is unsupported in wasm-gc backend.","error_code":4156}
{"$message_type":"diagnostic","level":"error","loc":{"path":"/home/williamz1008/Projects/MoonBit/qtgui/.mooncakes/Kaida-Amethyst/python/cpython/abstract.mbt","start":{"line":260,"col":1},"end":{"line":263,"col":32}},"message":"extern \"C\" is unsupported in wasm-gc backend.","error_code":4156}
{"$message_type":"diagnostic","level":"error","loc":{"path":"/home/williamz1008/Projects/MoonBit/qtgui/.mooncakes/Kaida-Amethyst/python/cpython/abstract.mbt","start":{"line":269,"col":1},"end":{"line":269,"col":84}},"message":"extern \"C\" is unsupported in wasm-gc backend.","error_code":4156}
{"$message_type":"diagnostic","level":"error","loc":{"path":"/home/williamz1008/Projects/MoonBit/qtgui/.mooncakes/Kaida-Amethyst/python/cpython/abstract.mbt","start":{"line":275,"col":1},"end":{"line":275,"col":86}},"message":"extern \"C\" is unsupported in wasm-gc backend.","error_code":4156}
{"$message_type":"diagnostic","level":"error","loc":{"path":"/home/williamz1008/Projects/MoonBit/qtgui/.mooncakes/Kaida-Amethyst/python/cpython/abstract.mbt","start":{"line":281,"col":1},"end":{"line":284,"col":41}},"message":"extern \"C\" is unsupported in wasm-gc backend.","error_code":4156}
{"$message_type":"diagnostic","level":"error","loc":{"path":"/home/williamz1008/Projects/MoonBit/qtgui/.mooncakes/Kaida-Amethyst/python/cpython/abstract.mbt","start":{"line":290,"col":1},"end":{"line":293,"col":46}},"message":"extern \"C\" is unsupported in wasm-gc backend.","error_code":4156}
{"$message_type":"diagnostic","level":"error","loc":{"path":"/home/williamz1008/Projects/MoonBit/qtgui/.mooncakes/Kaida-Amethyst/python/cpython/abstract.mbt","start":{"line":299,"col":1},"end":{"line":302,"col":46}},"message":"extern \"C\" is unsupported in wasm-gc backend.","error_code":4156}
{"$message_type":"diagnostic","level":"error","loc":{"path":"/home/williamz1008/Projects/MoonBit/qtgui/.mooncakes/Kaida-Amethyst/python/cpython/abstract.mbt","start":{"line":305,"col":1},"end":{"line":308,"col":49}},"message":"extern \"C\" is unsupported in wasm-gc backend.","error_code":4156}
{"$message_type":"diagnostic","level":"error","loc":{"path":"/home/williamz1008/Projects/MoonBit/qtgui/.mooncakes/Kaida-Amethyst/python/cpython/abstract.mbt","start":{"line":314,"col":1},"end":{"line":317,"col":48}},"message":"extern \"C\" is unsupported in wasm-gc backend.","error_code":4156}
{"$message_type":"diagnostic","level":"error","loc":{"path":"/home/williamz1008/Projects/MoonBit/qtgui/.mooncakes/Kaida-Amethyst/python/cpython/abstract.mbt","start":{"line":323,"col":1},"end":{"line":326,"col":47}},"message":"extern \"C\" is unsupported in wasm-gc backend.","error_code":4156}
{"$message_type":"diagnostic","level":"error","loc":{"path":"/home/williamz1008/Projects/MoonBit/qtgui/.mooncakes/Kaida-Amethyst/python/cpython/abstract.mbt","start":{"line":333,"col":1},"end":{"line":337,"col":43}},"message":"extern \"C\" is unsupported in wasm-gc backend.","error_code":4156}
{"$message_type":"diagnostic","level":"error","loc":{"path":"/home/williamz1008/Projects/MoonBit/qtgui/.mooncakes/Kaida-Amethyst/python/cpython/abstract.mbt","start":{"line":343,"col":1},"end":{"line":346,"col":44}},"message":"extern \"C\" is unsupported in wasm-gc backend.","error_code":4156}
{"$message_type":"diagnostic","level":"error","loc":{"path":"/home/williamz1008/Projects/MoonBit/qtgui/.mooncakes/Kaida-Amethyst/python/cpython/abstract.mbt","start":{"line":352,"col":1},"end":{"line":355,"col":44}},"message":"extern \"C\" is unsupported in wasm-gc backend.","error_code":4156}
{"$message_type":"diagnostic","level":"error","loc":{"path":"/home/williamz1008/Projects/MoonBit/qtgui/.mooncakes/Kaida-Amethyst/python/cpython/abstract.mbt","start":{"line":361,"col":1},"end":{"line":364,"col":41}},"message":"extern \"C\" is unsupported in wasm-gc backend.","error_code":4156}
{"$message_type":"diagnostic","level":"error","loc":{"path":"/home/williamz1008/Projects/MoonBit/qtgui/.mooncakes/Kaida-Amethyst/python/cpython/abstract.mbt","start":{"line":370,"col":1},"end":{"line":373,"col":41}},"message":"extern \"C\" is unsupported in wasm-gc backend.","error_code":4156}
{"$message_type":"diagnostic","level":"error","loc":{"path":"/home/williamz1008/Projects/MoonBit/qtgui/.mooncakes/Kaida-Amethyst/python/cpython/abstract.mbt","start":{"line":379,"col":1},"end":{"line":382,"col":40}},"message":"extern \"C\" is unsupported in wasm-gc backend.","error_code":4156}
{"$message_type":"diagnostic","level":"error","loc":{"path":"/home/williamz1008/Projects/MoonBit/qtgui/.mooncakes/Kaida-Amethyst/python/cpython/abstract.mbt","start":{"line":388,"col":1},"end":{"line":391,"col":37}},"message":"extern \"C\" is unsupported in wasm-gc backend.","error_code":4156}
{"$message_type":"diagnostic","level":"error","loc":{"path":"/home/williamz1008/Projects/MoonBit/qtgui/.mooncakes/Kaida-Amethyst/python/cpython/abstract.mbt","start":{"line":397,"col":1},"end":{"line":397,"col":82}},"message":"extern \"C\" is unsupported in wasm-gc backend.","error_code":4156}
{"$message_type":"diagnostic","level":"error","loc":{"path":"/home/williamz1008/Projects/MoonBit/qtgui/.mooncakes/Kaida-Amethyst/python/cpython/abstract.mbt","start":{"line":400,"col":1},"end":{"line":400,"col":80}},"message":"extern \"C\" is unsupported in wasm-gc backend.","error_code":4156}
{"$message_type":"diagnostic","level":"error","loc":{"path":"/home/williamz1008/Projects/MoonBit/qtgui/.mooncakes/Kaida-Amethyst/python/cpython/abstract.mbt","start":{"line":405,"col":1},"end":{"line":408,"col":39}},"message":"extern \"C\" is unsupported in wasm-gc backend.","error_code":4156}
{"$message_type":"diagnostic","level":"error","loc":{"path":"/home/williamz1008/Projects/MoonBit/qtgui/.mooncakes/Kaida-Amethyst/python/cpython/abstract.mbt","start":{"line":414,"col":1},"end":{"line":417,"col":39}},"message":"extern \"C\" is unsupported in wasm-gc backend.","error_code":4156}
{"$message_type":"diagnostic","level":"error","loc":{"path":"/home/williamz1008/Projects/MoonBit/qtgui/.mooncakes/Kaida-Amethyst/python/cpython/abstract.mbt","start":{"line":422,"col":1},"end":{"line":425,"col":40}},"message":"extern \"C\" is unsupported in wasm-gc backend.","error_code":4156}
{"$message_type":"diagnostic","level":"error","loc":{"path":"/home/williamz1008/Projects/MoonBit/qtgui/.mooncakes/Kaida-Amethyst/python/cpython/abstract.mbt","start":{"line":430,"col":1},"end":{"line":434,"col":41}},"message":"extern \"C\" is unsupported in wasm-gc backend.","error_code":4156}
{"$message_type":"diagnostic","level":"error","loc":{"path":"/home/williamz1008/Projects/MoonBit/qtgui/.mooncakes/Kaida-Amethyst/python/cpython/abstract.mbt","start":{"line":440,"col":1},"end":{"line":444,"col":32}},"message":"extern \"C\" is unsupported in wasm-gc backend.","error_code":4156}
{"$message_type":"diagnostic","level":"error","loc":{"path":"/home/williamz1008/Projects/MoonBit/qtgui/.mooncakes/Kaida-Amethyst/python/cpython/abstract.mbt","start":{"line":449,"col":1},"end":{"line":449,"col":101}},"message":"extern \"C\" is unsupported in wasm-gc backend.","error_code":4156}
{"$message_type":"diagnostic","level":"error","loc":{"path":"/home/williamz1008/Projects/MoonBit/qtgui/.mooncakes/Kaida-Amethyst/python/cpython/abstract.mbt","start":{"line":455,"col":1},"end":{"line":460,"col":33}},"message":"extern \"C\" is unsupported in wasm-gc backend.","error_code":4156}
{"$message_type":"diagnostic","level":"error","loc":{"path":"/home/williamz1008/Projects/MoonBit/qtgui/.mooncakes/Kaida-Amethyst/python/cpython/abstract.mbt","start":{"line":466,"col":1},"end":{"line":470,"col":33}},"message":"extern \"C\" is unsupported in wasm-gc backend.","error_code":4156}
{"$message_type":"diagnostic","level":"error","loc":{"path":"/home/williamz1008/Projects/MoonBit/qtgui/.mooncakes/Kaida-Amethyst/python/cpython/abstract.mbt","start":{"line":475,"col":1},"end":{"line":475,"col":90}},"message":"extern \"C\" is unsupported in wasm-gc backend.","error_code":4156}
{"$message_type":"diagnostic","level":"error","loc":{"path":"/home/williamz1008/Projects/MoonBit/qtgui/.mooncakes/Kaida-Amethyst/python/cpython/abstract.mbt","start":{"line":479,"col":1},"end":{"line":479,"col":88}},"message":"extern \"C\" is unsupported in wasm-gc backend.","error_code":4156}
{"$message_type":"diagnostic","level":"error","loc":{"path":"/home/williamz1008/Projects/MoonBit/qtgui/.mooncakes/Kaida-Amethyst/python/cpython/abstract.mbt","start":{"line":488,"col":1},"end":{"line":488,"col":100}},"message":"extern \"C\" is unsupported in wasm-gc backend.","error_code":4156}
{"$message_type":"diagnostic","level":"error","loc":{"path":"/home/williamz1008/Projects/MoonBit/qtgui/.mooncakes/Kaida-Amethyst/python/cpython/abstract.mbt","start":{"line":492,"col":1},"end":{"line":495,"col":30}},"message":"extern \"C\" is unsupported in wasm-gc backend.","error_code":4156}
{"$message_type":"diagnostic","level":"error","loc":{"path":"/home/williamz1008/Projects/MoonBit/qtgui/.mooncakes/Kaida-Amethyst/python/cpython/abstract.mbt","start":{"line":501,"col":1},"end":{"line":504,"col":33}},"message":"extern \"C\" is unsupported in wasm-gc backend.","error_code":4156}
{"$message_type":"diagnostic","level":"error","loc":{"path":"/home/williamz1008/Projects/MoonBit/qtgui/.mooncakes/Kaida-Amethyst/python/cpython/abstract.mbt","start":{"line":508,"col":1},"end":{"line":511,"col":30}},"message":"extern \"C\" is unsupported in wasm-gc backend.","error_code":4156}
{"$message_type":"diagnostic","level":"error","loc":{"path":"/home/williamz1008/Projects/MoonBit/qtgui/.mooncakes/Kaida-Amethyst/python/cpython/abstract.mbt","start":{"line":517,"col":1},"end":{"line":520,"col":46}},"message":"extern \"C\" is unsupported in wasm-gc backend.","error_code":4156}
{"$message_type":"diagnostic","level":"error","loc":{"path":"/home/williamz1008/Projects/MoonBit/qtgui/.mooncakes/Kaida-Amethyst/python/cpython/abstract.mbt","start":{"line":526,"col":1},"end":{"line":529,"col":46}},"message":"extern \"C\" is unsupported in wasm-gc backend.","error_code":4156}
{"$message_type":"diagnostic","level":"error","loc":{"path":"/home/williamz1008/Projects/MoonBit/qtgui/.mooncakes/Kaida-Amethyst/python/cpython/abstract.mbt","start":{"line":534,"col":1},"end":{"line":534,"col":80}},"message":"extern \"C\" is unsupported in wasm-gc backend.","error_code":4156}
{"$message_type":"diagnostic","level":"error","loc":{"path":"/home/williamz1008/Projects/MoonBit/qtgui/.mooncakes/Kaida-Amethyst/python/cpython/abstract.mbt","start":{"line":538,"col":1},"end":{"line":538,"col":78}},"message":"extern \"C\" is unsupported in wasm-gc backend.","error_code":4156}
{"$message_type":"diagnostic","level":"error","loc":{"path":"/home/williamz1008/Projects/MoonBit/qtgui/.mooncakes/Kaida-Amethyst/python/cpython/abstract.mbt","start":{"line":546,"col":1},"end":{"line":549,"col":36}},"message":"extern \"C\" is unsupported in wasm-gc backend.","error_code":4156}
{"$message_type":"diagnostic","level":"error","loc":{"path":"/home/williamz1008/Projects/MoonBit/qtgui/.mooncakes/Kaida-Amethyst/python/cpython/abstract.mbt","start":{"line":556,"col":1},"end":{"line":559,"col":30}},"message":"extern \"C\" is unsupported in wasm-gc backend.","error_code":4156}
{"$message_type":"diagnostic","level":"error","loc":{"path":"/home/williamz1008/Projects/MoonBit/qtgui/.mooncakes/Kaida-Amethyst/python/cpython/abstract.mbt","start":{"line":563,"col":1},"end":{"line":563,"col":86}},"message":"extern \"C\" is unsupported in wasm-gc backend.","error_code":4156}
{"$message_type":"diagnostic","level":"error","loc":{"path":"/home/williamz1008/Projects/MoonBit/qtgui/.mooncakes/Kaida-Amethyst/python/cpython/abstract.mbt","start":{"line":567,"col":1},"end":{"line":567,"col":90}},"message":"extern \"C\" is unsupported in wasm-gc backend.","error_code":4156}
{"$message_type":"diagnostic","level":"error","loc":{"path":"/home/williamz1008/Projects/MoonBit/qtgui/.mooncakes/Kaida-Amethyst/python/cpython/abstract.mbt","start":{"line":572,"col":1},"end":{"line":572,"col":88}},"message":"extern \"C\" is unsupported in wasm-gc backend.","error_code":4156}
{"$message_type":"diagnostic","level":"error","loc":{"path":"/home/williamz1008/Projects/MoonBit/qtgui/.mooncakes/Kaida-Amethyst/python/cpython/abstract.mbt","start":{"line":575,"col":1},"end":{"line":578,"col":45}},"message":"extern \"C\" is unsupported in wasm-gc backend.","error_code":4156}
{"$message_type":"diagnostic","level":"error","loc":{"path":"/home/williamz1008/Projects/MoonBit/qtgui/.mooncakes/Kaida-Amethyst/python/cpython/abstract.mbt","start":{"line":581,"col":1},"end":{"line":585,"col":37}},"message":"extern \"C\" is unsupported in wasm-gc backend.","error_code":4156}
{"$message_type":"diagnostic","level":"error","loc":{"path":"/home/williamz1008/Projects/MoonBit/qtgui/.mooncakes/Kaida-Amethyst/python/cpython/abstract.mbt","start":{"line":588,"col":1},"end":{"line":591,"col":33}},"message":"extern \"C\" is unsupported in wasm-gc backend.","error_code":4156}
{"$message_type":"diagnostic","level":"error","loc":{"path":"/home/williamz1008/Projects/MoonBit/qtgui/.mooncakes/Kaida-Amethyst/python/cpython/abstract.mbt","start":{"line":594,"col":1},"end":{"line":597,"col":33}},"message":"extern \"C\" is unsupported in wasm-gc backend.","error_code":4156}
{"$message_type":"diagnostic","level":"error","loc":{"path":"/home/williamz1008/Projects/MoonBit/qtgui/.mooncakes/Kaida-Amethyst/python/cpython/cell.mbt","start":{"line":3,"col":1},"end":{"line":3,"col":77}},"message":"extern \"C\" is unsupported in wasm-gc backend.","error_code":4156}
{"$message_type":"diagnostic","level":"error","loc":{"path":"/home/williamz1008/Projects/MoonBit/qtgui/.mooncakes/Kaida-Amethyst/python/cpython/cell.mbt","start":{"line":6,"col":1},"end":{"line":6,"col":77}},"message":"extern \"C\" is unsupported in wasm-gc backend.","error_code":4156}
{"$message_type":"diagnostic","level":"error","loc":{"path":"/home/williamz1008/Projects/MoonBit/qtgui/.mooncakes/Kaida-Amethyst/python/cpython/cell.mbt","start":{"line":9,"col":1},"end":{"line":9,"col":86}},"message":"extern \"C\" is unsupported in wasm-gc backend.","error_code":4156}
{"$message_type":"diagnostic","level":"error","loc":{"path":"/home/williamz1008/Projects/MoonBit/qtgui/.mooncakes/Kaida-Amethyst/python/cpython/cell.mbt","start":{"line":13,"col":1},"end":{"line":17,"col":37}},"message":"extern \"C\" is unsupported in wasm-gc backend.","error_code":4156}
{"$message_type":"diagnostic","level":"error","loc":{"path":"/home/williamz1008/Projects/MoonBit/qtgui/.mooncakes/Kaida-Amethyst/python/cpython/ceval.mbt","start":{"line":3,"col":1},"end":{"line":7,"col":51}},"message":"extern \"C\" is unsupported in wasm-gc backend.","error_code":4156}
{"$message_type":"diagnostic","level":"error","loc":{"path":"/home/williamz1008/Projects/MoonBit/qtgui/.mooncakes/Kaida-Amethyst/python/cpython/ceval.mbt","start":{"line":14,"col":1},"end":{"line":14,"col":79}},"message":"extern \"C\" is unsupported in wasm-gc backend.","error_code":4156}
{"$message_type":"diagnostic","level":"error","loc":{"path":"/home/williamz1008/Projects/MoonBit/qtgui/.mooncakes/Kaida-Amethyst/python/cpython/ceval.mbt","start":{"line":17,"col":1},"end":{"line":17,"col":77}},"message":"extern \"C\" is unsupported in wasm-gc backend.","error_code":4156}
{"$message_type":"diagnostic","level":"error","loc":{"path":"/home/williamz1008/Projects/MoonBit/qtgui/.mooncakes/Kaida-Amethyst/python/cpython/ceval.mbt","start":{"line":20,"col":1},"end":{"line":20,"col":75}},"message":"extern \"C\" is unsupported in wasm-gc backend.","error_code":4156}
{"$message_type":"diagnostic","level":"error","loc":{"path":"/home/williamz1008/Projects/MoonBit/qtgui/.mooncakes/Kaida-Amethyst/python/cpython/ceval.mbt","start":{"line":25,"col":1},"end":{"line":25,"col":73}},"message":"extern \"C\" is unsupported in wasm-gc backend.","error_code":4156}
{"$message_type":"diagnostic","level":"error","loc":{"path":"/home/williamz1008/Projects/MoonBit/qtgui/.mooncakes/Kaida-Amethyst/python/cpython/ceval.mbt","start":{"line":28,"col":1},"end":{"line":28,"col":75}},"message":"extern \"C\" is unsupported in wasm-gc backend.","error_code":4156}
{"$message_type":"diagnostic","level":"error","loc":{"path":"/home/williamz1008/Projects/MoonBit/qtgui/.mooncakes/Kaida-Amethyst/python/cpython/ceval.mbt","start":{"line":31,"col":1},"end":{"line":31,"col":75}},"message":"extern \"C\" is unsupported in wasm-gc backend.","error_code":4156}
{"$message_type":"diagnostic","level":"error","loc":{"path":"/home/williamz1008/Projects/MoonBit/qtgui/.mooncakes/Kaida-Amethyst/python/cpython/ceval.mbt","start":{"line":34,"col":1},"end":{"line":34,"col":88}},"message":"extern \"C\" is unsupported in wasm-gc backend.","error_code":4156}
{"$message_type":"diagnostic","level":"error","loc":{"path":"/home/williamz1008/Projects/MoonBit/qtgui/.mooncakes/Kaida-Amethyst/python/cpython/ceval.mbt","start":{"line":37,"col":1},"end":{"line":37,"col":88}},"message":"extern \"C\" is unsupported in wasm-gc backend.","error_code":4156}
{"$message_type":"diagnostic","level":"error","loc":{"path":"/home/williamz1008/Projects/MoonBit/qtgui/.mooncakes/Kaida-Amethyst/python/cpython/ceval.mbt","start":{"line":40,"col":1},"end":{"line":40,"col":82}},"message":"extern \"C\" is unsupported in wasm-gc backend.","error_code":4156}
{"$message_type":"diagnostic","level":"error","loc":{"path":"/home/williamz1008/Projects/MoonBit/qtgui/.mooncakes/Kaida-Amethyst/python/cpython/ceval.mbt","start":{"line":43,"col":1},"end":{"line":43,"col":88}},"message":"extern \"C\" is unsupported in wasm-gc backend.","error_code":4156}
{"$message_type":"diagnostic","level":"error","loc":{"path":"/home/williamz1008/Projects/MoonBit/qtgui/.mooncakes/Kaida-Amethyst/python/cpython/ceval.mbt","start":{"line":46,"col":1},"end":{"line":46,"col":85}},"message":"extern \"C\" is unsupported in wasm-gc backend.","error_code":4156}
{"$message_type":"diagnostic","level":"error","loc":{"path":"/home/williamz1008/Projects/MoonBit/qtgui/.mooncakes/Kaida-Amethyst/python/cpython/ceval.mbt","start":{"line":49,"col":1},"end":{"line":49,"col":64}},"message":"extern \"C\" is unsupported in wasm-gc backend.","error_code":4156}
{"$message_type":"diagnostic","level":"error","loc":{"path":"/home/williamz1008/Projects/MoonBit/qtgui/.mooncakes/Kaida-Amethyst/python/cpython/ceval.mbt","start":{"line":52,"col":1},"end":{"line":52,"col":93}},"message":"extern \"C\" is unsupported in wasm-gc backend.","error_code":4156}
{"$message_type":"diagnostic","level":"error","loc":{"path":"/home/williamz1008/Projects/MoonBit/qtgui/.mooncakes/Kaida-Amethyst/python/cpython/ceval.mbt","start":{"line":55,"col":1},"end":{"line":55,"col":93}},"message":"extern \"C\" is unsupported in wasm-gc backend.","error_code":4156}
{"$message_type":"diagnostic","level":"error","loc":{"path":"/home/williamz1008/Projects/MoonBit/qtgui/.mooncakes/Kaida-Amethyst/python/cpython/class.mbt","start":{"line":3,"col":1},"end":{"line":6,"col":34}},"message":"extern \"C\" is unsupported in wasm-gc backend.","error_code":4156}
{"$message_type":"diagnostic","level":"error","loc":{"path":"/home/williamz1008/Projects/MoonBit/qtgui/.mooncakes/Kaida-Amethyst/python/cpython/class.mbt","start":{"line":9,"col":1},"end":{"line":9,"col":91}},"message":"extern \"C\" is unsupported in wasm-gc backend.","error_code":4156}
{"$message_type":"diagnostic","level":"error","loc":{"path":"/home/williamz1008/Projects/MoonBit/qtgui/.mooncakes/Kaida-Amethyst/python/cpython/class.mbt","start":{"line":12,"col":1},"end":{"line":12,"col":83}},"message":"extern \"C\" is unsupported in wasm-gc backend.","error_code":4156}
{"$message_type":"diagnostic","level":"error","loc":{"path":"/home/williamz1008/Projects/MoonBit/qtgui/.mooncakes/Kaida-Amethyst/python/cpython/class.mbt","start":{"line":15,"col":1},"end":{"line":15,"col":80}},"message":"extern \"C\" is unsupported in wasm-gc backend.","error_code":4156}
{"$message_type":"diagnostic","level":"error","loc":{"path":"/home/williamz1008/Projects/MoonBit/qtgui/.mooncakes/Kaida-Amethyst/python/cpython/class.mbt","start":{"line":18,"col":1},"end":{"line":18,"col":98}},"message":"extern \"C\" is unsupported in wasm-gc backend.","error_code":4156}
{"$message_type":"diagnostic","level":"error","loc":{"path":"/home/williamz1008/Projects/MoonBit/qtgui/.mooncakes/Kaida-Amethyst/python/cpython/class.mbt","start":{"line":21,"col":1},"end":{"line":21,"col":108}},"message":"extern \"C\" is unsupported in wasm-gc backend.","error_code":4156}
{"$message_type":"diagnostic","level":"error","loc":{"path":"/home/williamz1008/Projects/MoonBit/qtgui/.mooncakes/Kaida-Amethyst/python/cpython/code.mbt","start":{"line":3,"col":1},"end":{"line":19,"col":36}},"message":"extern \"C\" is unsupported in wasm-gc backend.","error_code":4156}
{"$message_type":"diagnostic","level":"error","loc":{"path":"/home/williamz1008/Projects/MoonBit/qtgui/.mooncakes/Kaida-Amethyst/python/cpython/code.mbt","start":{"line":22,"col":1},"end":{"line":39,"col":51}},"message":"extern \"C\" is unsupported in wasm-gc backend.","error_code":4156}
{"$message_type":"diagnostic","level":"error","loc":{"path":"/home/williamz1008/Projects/MoonBit/qtgui/.mooncakes/Kaida-Amethyst/python/cpython/code.mbt","start":{"line":42,"col":1},"end":{"line":46,"col":41}},"message":"extern \"C\" is unsupported in wasm-gc backend.","error_code":4156}
{"$message_type":"diagnostic","level":"error","loc":{"path":"/home/williamz1008/Projects/MoonBit/qtgui/.mooncakes/Kaida-Amethyst/python/cpython/code.mbt","start":{"line":49,"col":1},"end":{"line":49,"col":95}},"message":"extern \"C\" is unsupported in wasm-gc backend.","error_code":4156}
{"$message_type":"diagnostic","level":"error","loc":{"path":"/home/williamz1008/Projects/MoonBit/qtgui/.mooncakes/Kaida-Amethyst/python/cpython/codecs.mbt","start":{"line":3,"col":1},"end":{"line":3,"col":95}},"message":"extern \"C\" is unsupported in wasm-gc backend.","error_code":4156}
{"$message_type":"diagnostic","level":"error","loc":{"path":"/home/williamz1008/Projects/MoonBit/qtgui/.mooncakes/Kaida-Amethyst/python/cpython/codecs.mbt","start":{"line":6,"col":1},"end":{"line":6,"col":92}},"message":"extern \"C\" is unsupported in wasm-gc backend.","error_code":4156}
{"$message_type":"diagnostic","level":"error","loc":{"path":"/home/williamz1008/Projects/MoonBit/qtgui/.mooncakes/Kaida-Amethyst/python/cpython/codecs.mbt","start":{"line":9,"col":1},"end":{"line":13,"col":36}},"message":"extern \"C\" is unsupported in wasm-gc backend.","error_code":4156}
{"$message_type":"diagnostic","level":"error","loc":{"path":"/home/williamz1008/Projects/MoonBit/qtgui/.mooncakes/Kaida-Amethyst/python/cpython/codecs.mbt","start":{"line":16,"col":1},"end":{"line":20,"col":36}},"message":"extern \"C\" is unsupported in wasm-gc backend.","error_code":4156}
{"$message_type":"diagnostic","level":"error","loc":{"path":"/home/williamz1008/Projects/MoonBit/qtgui/.mooncakes/Kaida-Amethyst/python/cpython/codecs.mbt","start":{"line":23,"col":1},"end":{"line":23,"col":87}},"message":"extern \"C\" is unsupported in wasm-gc backend.","error_code":4156}
{"$message_type":"diagnostic","level":"error","loc":{"path":"/home/williamz1008/Projects/MoonBit/qtgui/.mooncakes/Kaida-Amethyst/python/cpython/codecs.mbt","start":{"line":26,"col":1},"end":{"line":26,"col":87}},"message":"extern \"C\" is unsupported in wasm-gc backend.","error_code":4156}
{"$message_type":"diagnostic","level":"error","loc":{"path":"/home/williamz1008/Projects/MoonBit/qtgui/.mooncakes/Kaida-Amethyst/python/cpython/codecs.mbt","start":{"line":29,"col":1},"end":{"line":32,"col":48}},"message":"extern \"C\" is unsupported in wasm-gc backend.","error_code":4156}
{"$message_type":"diagnostic","level":"error","loc":{"path":"/home/williamz1008/Projects/MoonBit/qtgui/.mooncakes/Kaida-Amethyst/python/cpython/codecs.mbt","start":{"line":35,"col":1},"end":{"line":38,"col":48}},"message":"extern \"C\" is unsupported in wasm-gc backend.","error_code":4156}
{"$message_type":"diagnostic","level":"error","loc":{"path":"/home/williamz1008/Projects/MoonBit/qtgui/.mooncakes/Kaida-Amethyst/python/cpython/codecs.mbt","start":{"line":41,"col":1},"end":{"line":45,"col":42}},"message":"extern \"C\" is unsupported in wasm-gc backend.","error_code":4156}
{"$message_type":"diagnostic","level":"error","loc":{"path":"/home/williamz1008/Projects/MoonBit/qtgui/.mooncakes/Kaida-Amethyst/python/cpython/codecs.mbt","start":{"line":48,"col":1},"end":{"line":52,"col":42}},"message":"extern \"C\" is unsupported in wasm-gc backend.","error_code":4156}
{"$message_type":"diagnostic","level":"error","loc":{"path":"/home/williamz1008/Projects/MoonBit/qtgui/.mooncakes/Kaida-Amethyst/python/cpython/codecs.mbt","start":{"line":55,"col":1},"end":{"line":58,"col":35}},"message":"extern \"C\" is unsupported in wasm-gc backend.","error_code":4156}
{"$message_type":"diagnostic","level":"error","loc":{"path":"/home/williamz1008/Projects/MoonBit/qtgui/.mooncakes/Kaida-Amethyst/python/cpython/codecs.mbt","start":{"line":61,"col":1},"end":{"line":61,"col":92}},"message":"extern \"C\" is unsupported in wasm-gc backend.","error_code":4156}
{"$message_type":"diagnostic","level":"error","loc":{"path":"/home/williamz1008/Projects/MoonBit/qtgui/.mooncakes/Kaida-Amethyst/python/cpython/codecs.mbt","start":{"line":64,"col":1},"end":{"line":64,"col":100}},"message":"extern \"C\" is unsupported in wasm-gc backend.","error_code":4156}
{"$message_type":"diagnostic","level":"error","loc":{"path":"/home/williamz1008/Projects/MoonBit/qtgui/.mooncakes/Kaida-Amethyst/python/cpython/codecs.mbt","start":{"line":67,"col":1},"end":{"line":67,"col":100}},"message":"extern \"C\" is unsupported in wasm-gc backend.","error_code":4156}
{"$message_type":"diagnostic","level":"error","loc":{"path":"/home/williamz1008/Projects/MoonBit/qtgui/.mooncakes/Kaida-Amethyst/python/cpython/codecs.mbt","start":{"line":70,"col":1},"end":{"line":70,"col":102}},"message":"extern \"C\" is unsupported in wasm-gc backend.","error_code":4156}
{"$message_type":"diagnostic","level":"error","loc":{"path":"/home/williamz1008/Projects/MoonBit/qtgui/.mooncakes/Kaida-Amethyst/python/cpython/codecs.mbt","start":{"line":73,"col":1},"end":{"line":75,"col":53}},"message":"extern \"C\" is unsupported in wasm-gc backend.","error_code":4156}
{"$message_type":"diagnostic","level":"error","loc":{"path":"/home/williamz1008/Projects/MoonBit/qtgui/.mooncakes/Kaida-Amethyst/python/cpython/codecs.mbt","start":{"line":78,"col":1},"end":{"line":80,"col":52}},"message":"extern \"C\" is unsupported in wasm-gc backend.","error_code":4156}
{"$message_type":"diagnostic","level":"error","loc":{"path":"/home/williamz1008/Projects/MoonBit/qtgui/.mooncakes/Kaida-Amethyst/python/cpython/codecs.mbt","start":{"line":83,"col":1},"end":{"line":85,"col":47}},"message":"extern \"C\" is unsupported in wasm-gc backend.","error_code":4156}
{"$message_type":"diagnostic","level":"error","loc":{"path":"/home/williamz1008/Projects/MoonBit/qtgui/.mooncakes/Kaida-Amethyst/python/cpython/context.mbt","start":{"line":3,"col":1},"end":{"line":3,"col":68}},"message":"extern \"C\" is unsupported in wasm-gc backend.","error_code":4156}
{"$message_type":"diagnostic","level":"error","loc":{"path":"/home/williamz1008/Projects/MoonBit/qtgui/.mooncakes/Kaida-Amethyst/python/cpython/context.mbt","start":{"line":6,"col":1},"end":{"line":6,"col":85}},"message":"extern \"C\" is unsupported in wasm-gc backend.","error_code":4156}
{"$message_type":"diagnostic","level":"error","loc":{"path":"/home/williamz1008/Projects/MoonBit/qtgui/.mooncakes/Kaida-Amethyst/python/cpython/context.mbt","start":{"line":9,"col":1},"end":{"line":9,"col":85}},"message":"extern \"C\" is unsupported in wasm-gc backend.","error_code":4156}
{"$message_type":"diagnostic","level":"error","loc":{"path":"/home/williamz1008/Projects/MoonBit/qtgui/.mooncakes/Kaida-Amethyst/python/cpython/context.mbt","start":{"line":12,"col":1},"end":{"line":12,"col":79}},"message":"extern \"C\" is unsupported in wasm-gc backend.","error_code":4156}
{"$message_type":"diagnostic","level":"error","loc":{"path":"/home/williamz1008/Projects/MoonBit/qtgui/.mooncakes/Kaida-Amethyst/python/cpython/context.mbt","start":{"line":15,"col":1},"end":{"line":15,"col":77}},"message":"extern \"C\" is unsupported in wasm-gc backend.","error_code":4156}
{"$message_type":"diagnostic","level":"error","loc":{"path":"/home/williamz1008/Projects/MoonBit/qtgui/.mooncakes/Kaida-Amethyst/python/cpython/context.mbt","start":{"line":18,"col":1},"end":{"line":21,"col":38}},"message":"extern \"C\" is unsupported in wasm-gc backend.","error_code":4156}
{"$message_type":"diagnostic","level":"warning","loc":{"path":"/home/williamz1008/Projects/MoonBit/qtgui/.mooncakes/Kaida-Amethyst/python/cpython/context.mbt","start":{"line":25,"col":3},"end":{"line":25,"col":6}},"message":"Warning: The word `var` is reserved for possible future use. Please consider using another name.","error_code":35}
{"$message_type":"diagnostic","level":"error","loc":{"path":"/home/williamz1008/Projects/MoonBit/qtgui/.mooncakes/Kaida-Amethyst/python/cpython/context.mbt","start":{"line":24,"col":1},"end":{"line":28,"col":30}},"message":"extern \"C\" is unsupported in wasm-gc backend.","error_code":4156}
{"$message_type":"diagnostic","level":"warning","loc":{"path":"/home/williamz1008/Projects/MoonBit/qtgui/.mooncakes/Kaida-Amethyst/python/cpython/context.mbt","start":{"line":32,"col":3},"end":{"line":32,"col":6}},"message":"Warning: The word `var` is reserved for possible future use. Please consider using another name.","error_code":35}
{"$message_type":"diagnostic","level":"error","loc":{"path":"/home/williamz1008/Projects/MoonBit/qtgui/.mooncakes/Kaida-Amethyst/python/cpython/context.mbt","start":{"line":31,"col":1},"end":{"line":34,"col":38}},"message":"extern \"C\" is unsupported in wasm-gc backend.","error_code":4156}
{"$message_type":"diagnostic","level":"warning","loc":{"path":"/home/williamz1008/Projects/MoonBit/qtgui/.mooncakes/Kaida-Amethyst/python/cpython/context.mbt","start":{"line":38,"col":3},"end":{"line":38,"col":6}},"message":"Warning: The word `var` is reserved for possible future use. Please consider using another name.","error_code":35}
{"$message_type":"diagnostic","level":"error","loc":{"path":"/home/williamz1008/Projects/MoonBit/qtgui/.mooncakes/Kaida-Amethyst/python/cpython/context.mbt","start":{"line":37,"col":1},"end":{"line":40,"col":32}},"message":"extern \"C\" is unsupported in wasm-gc backend.","error_code":4156}
{"$message_type":"diagnostic","level":"error","loc":{"path":"/home/williamz1008/Projects/MoonBit/qtgui/.mooncakes/Kaida-Amethyst/python/cpython/context.mbt","start":{"line":43,"col":1},"end":{"line":43,"col":97}},"message":"extern \"C\" is unsupported in wasm-gc backend.","error_code":4156}
{"$message_type":"diagnostic","level":"error","loc":{"path":"/home/williamz1008/Projects/MoonBit/qtgui/.mooncakes/Kaida-Amethyst/python/cpython/context.mbt","start":{"line":46,"col":1},"end":{"line":46,"col":82}},"message":"extern \"C\" is unsupported in wasm-gc backend.","error_code":4156}
{"$message_type":"diagnostic","level":"error","loc":{"path":"/home/williamz1008/Projects/MoonBit/qtgui/.mooncakes/Kaida-Amethyst/python/cpython/core.mbt","start":{"line":23,"col":1},"end":{"line":23,"col":80}},"message":"extern \"C\" is unsupported in wasm-gc backend.","error_code":4156}
{"$message_type":"diagnostic","level":"error","loc":{"path":"/home/williamz1008/Projects/MoonBit/qtgui/.mooncakes/Kaida-Amethyst/python/cpython/core.mbt","start":{"line":26,"col":1},"end":{"line":26,"col":80}},"message":"extern \"C\" is unsupported in wasm-gc backend.","error_code":4156}
{"$message_type":"diagnostic","level":"error","loc":{"path":"/home/williamz1008/Projects/MoonBit/qtgui/.mooncakes/Kaida-Amethyst/python/cpython/core.mbt","start":{"line":29,"col":1},"end":{"line":29,"col":116}},"message":"extern \"C\" is unsupported in wasm-gc backend.","error_code":4156}
{"$message_type":"diagnostic","level":"error","loc":{"path":"/home/williamz1008/Projects/MoonBit/qtgui/.mooncakes/Kaida-Amethyst/python/cpython/core.mbt","start":{"line":32,"col":1},"end":{"line":32,"col":83}},"message":"extern \"C\" is unsupported in wasm-gc backend.","error_code":4156}
{"$message_type":"diagnostic","level":"error","loc":{"path":"/home/williamz1008/Projects/MoonBit/qtgui/.mooncakes/Kaida-Amethyst/python/cpython/core.mbt","start":{"line":35,"col":1},"end":{"line":35,"col":83}},"message":"extern \"C\" is unsupported in wasm-gc backend.","error_code":4156}
{"$message_type":"diagnostic","level":"error","loc":{"path":"/home/williamz1008/Projects/MoonBit/qtgui/.mooncakes/Kaida-Amethyst/python/cpython/core.mbt","start":{"line":38,"col":1},"end":{"line":41,"col":50}},"message":"extern \"C\" is unsupported in wasm-gc backend.","error_code":4156}
{"$message_type":"diagnostic","level":"warning","loc":{"path":"/home/williamz1008/Projects/MoonBit/qtgui/.mooncakes/Kaida-Amethyst/python/cpython/core.mbt","start":{"line":54,"col":10},"end":{"line":54,"col":31}},"message":"Warning: Unused function 'to_string_with_length'","error_code":1}
{"$message_type":"diagnostic","level":"warning","loc":{"path":"/home/williamz1008/Projects/MoonBit/qtgui/.mooncakes/Kaida-Amethyst/python/cpython/core.mbt","start":{"line":59,"col":11},"end":{"line":59,"col":15}},"message":"Warning: Unused function 'from'","error_code":1}
{"$message_type":"diagnostic","level":"warning","loc":{"path":"/home/williamz1008/Projects/MoonBit/qtgui/.mooncakes/Kaida-Amethyst/python/cpython/core.mbt","start":{"line":64,"col":11},"end":{"line":64,"col":20}},"message":"Warning: Unused function 'to_string'","error_code":1}
{"$message_type":"diagnostic","level":"warning","loc":{"path":"/home/williamz1008/Projects/MoonBit/qtgui/.mooncakes/Kaida-Amethyst/python/cpython/core.mbt","start":{"line":69,"col":11},"end":{"line":69,"col":32}},"message":"Warning: Unused function 'to_string_with_length'","error_code":1}
{"$message_type":"diagnostic","level":"error","loc":{"path":"/home/williamz1008/Projects/MoonBit/qtgui/.mooncakes/Kaida-Amethyst/python/cpython/core.mbt","start":{"line":74,"col":1},"end":{"line":74,"col":90}},"message":"extern \"C\" is unsupported in wasm-gc backend.","error_code":4156}
{"$message_type":"diagnostic","level":"error","loc":{"path":"/home/williamz1008/Projects/MoonBit/qtgui/.mooncakes/Kaida-Amethyst/python/cpython/core.mbt","start":{"line":82,"col":1},"end":{"line":82,"col":71}},"message":"extern \"C\" is unsupported in wasm-gc backend.","error_code":4156}
{"$message_type":"diagnostic","level":"error","loc":{"path":"/home/williamz1008/Projects/MoonBit/qtgui/.mooncakes/Kaida-Amethyst/python/cpython/core.mbt","start":{"line":90,"col":1},"end":{"line":90,"col":61}},"message":"extern \"C\" is unsupported in wasm-gc backend.","error_code":4156}
{"$message_type":"diagnostic","level":"error","loc":{"path":"/home/williamz1008/Projects/MoonBit/qtgui/.mooncakes/Kaida-Amethyst/python/cpython/core.mbt","start":{"line":93,"col":1},"end":{"line":93,"col":61}},"message":"extern \"C\" is unsupported in wasm-gc backend.","error_code":4156}
{"$message_type":"diagnostic","level":"error","loc":{"path":"/home/williamz1008/Projects/MoonBit/qtgui/.mooncakes/Kaida-Amethyst/python/cpython/dict.mbt","start":{"line":3,"col":1},"end":{"line":3,"col":62}},"message":"extern \"C\" is unsupported in wasm-gc backend.","error_code":4156}
{"$message_type":"diagnostic","level":"error","loc":{"path":"/home/williamz1008/Projects/MoonBit/qtgui/.mooncakes/Kaida-Amethyst/python/cpython/dict.mbt","start":{"line":6,"col":1},"end":{"line":9,"col":36}},"message":"extern \"C\" is unsupported in wasm-gc backend.","error_code":4156}
{"$message_type":"diagnostic","level":"error","loc":{"path":"/home/williamz1008/Projects/MoonBit/qtgui/.mooncakes/Kaida-Amethyst/python/cpython/dict.mbt","start":{"line":12,"col":1},"end":{"line":16,"col":28}},"message":"extern \"C\" is unsupported in wasm-gc backend.","error_code":4156}
{"$message_type":"diagnostic","level":"error","loc":{"path":"/home/williamz1008/Projects/MoonBit/qtgui/.mooncakes/Kaida-Amethyst/python/cpython/dict.mbt","start":{"line":19,"col":1},"end":{"line":22,"col":28}},"message":"extern \"C\" is unsupported in wasm-gc backend.","error_code":4156}
{"$message_type":"diagnostic","level":"error","loc":{"path":"/home/williamz1008/Projects/MoonBit/qtgui/.mooncakes/Kaida-Amethyst/python/cpython/dict.mbt","start":{"line":25,"col":1},"end":{"line":25,"col":69}},"message":"extern \"C\" is unsupported in wasm-gc backend.","error_code":4156}
{"$message_type":"diagnostic","level":"error","loc":{"path":"/home/williamz1008/Projects/MoonBit/qtgui/.mooncakes/Kaida-Amethyst/python/cpython/dict.mbt","start":{"line":31,"col":1},"end":{"line":31,"col":82}},"message":"extern \"C\" is unsupported in wasm-gc backend.","error_code":4156}
{"$message_type":"diagnostic","level":"error","loc":{"path":"/home/williamz1008/Projects/MoonBit/qtgui/.mooncakes/Kaida-Amethyst/python/cpython/dict.mbt","start":{"line":34,"col":1},"end":{"line":34,"col":86}},"message":"extern \"C\" is unsupported in wasm-gc backend.","error_code":4156}
{"$message_type":"diagnostic","level":"error","loc":{"path":"/home/williamz1008/Projects/MoonBit/qtgui/.mooncakes/Kaida-Amethyst/python/cpython/dict.mbt","start":{"line":37,"col":1},"end":{"line":37,"col":84}},"message":"extern \"C\" is unsupported in wasm-gc backend.","error_code":4156}
{"$message_type":"diagnostic","level":"error","loc":{"path":"/home/williamz1008/Projects/MoonBit/qtgui/.mooncakes/Kaida-Amethyst/python/cpython/dict.mbt","start":{"line":40,"col":1},"end":{"line":40,"col":77}},"message":"extern \"C\" is unsupported in wasm-gc backend.","error_code":4156}
{"$message_type":"diagnostic","level":"error","loc":{"path":"/home/williamz1008/Projects/MoonBit/qtgui/.mooncakes/Kaida-Amethyst/python/cpython/dict.mbt","start":{"line":43,"col":1},"end":{"line":43,"col":82}},"message":"extern \"C\" is unsupported in wasm-gc backend.","error_code":4156}
{"$message_type":"diagnostic","level":"error","loc":{"path":"/home/williamz1008/Projects/MoonBit/qtgui/.mooncakes/Kaida-Amethyst/python/cpython/dict.mbt","start":{"line":46,"col":1},"end":{"line":49,"col":29}},"message":"extern \"C\" is unsupported in wasm-gc backend.","error_code":4156}
{"$message_type":"diagnostic","level":"error","loc":{"path":"/home/williamz1008/Projects/MoonBit/qtgui/.mooncakes/Kaida-Amethyst/python/cpython/dict.mbt","start":{"line":57,"col":1},"end":{"line":60,"col":27}},"message":"extern \"C\" is unsupported in wasm-gc backend.","error_code":4156}
{"$message_type":"diagnostic","level":"error","loc":{"path":"/home/williamz1008/Projects/MoonBit/qtgui/.mooncakes/Kaida-Amethyst/python/cpython/dict.mbt","start":{"line":63,"col":1},"end":{"line":67,"col":26}},"message":"extern \"C\" is unsupported in wasm-gc backend.","error_code":4156}
{"$message_type":"diagnostic","level":"error","loc":{"path":"/home/williamz1008/Projects/MoonBit/qtgui/.mooncakes/Kaida-Amethyst/python/cpython/dict.mbt","start":{"line":70,"col":1},"end":{"line":74,"col":34}},"message":"extern \"C\" is unsupported in wasm-gc backend.","error_code":4156}
{"$message_type":"diagnostic","level":"error","loc":{"path":"/home/williamz1008/Projects/MoonBit/qtgui/.mooncakes/Kaida-Amethyst/python/cpython/dict.mbt","start":{"line":77,"col":1},"end":{"line":80,"col":42}},"message":"extern \"C\" is unsupported in wasm-gc backend.","error_code":4156}
{"$message_type":"diagnostic","level":"error","loc":{"path":"/home/williamz1008/Projects/MoonBit/qtgui/.mooncakes/Kaida-Amethyst/python/cpython/dict.mbt","start":{"line":89,"col":1},"end":{"line":93,"col":34}},"message":"extern \"C\" is unsupported in wasm-gc backend.","error_code":4156}
{"$message_type":"diagnostic","level":"error","loc":{"path":"/home/williamz1008/Projects/MoonBit/qtgui/.mooncakes/Kaida-Amethyst/python/cpython/dict.mbt","start":{"line":106,"col":1},"end":{"line":106,"col":104}},"message":"extern \"C\" is unsupported in wasm-gc backend.","error_code":4156}
{"$message_type":"diagnostic","level":"error","loc":{"path":"/home/williamz1008/Projects/MoonBit/qtgui/.mooncakes/Kaida-Amethyst/python/cpython/error.mbt","start":{"line":2,"col":1},"end":{"line":2,"col":70}},"message":"extern \"C\" is unsupported in wasm-gc backend.","error_code":4156}
{"$message_type":"diagnostic","level":"error","loc":{"path":"/home/williamz1008/Projects/MoonBit/qtgui/.mooncakes/Kaida-Amethyst/python/cpython/error.mbt","start":{"line":5,"col":1},"end":{"line":5,"col":49}},"message":"extern \"C\" is unsupported in wasm-gc backend.","error_code":4156}
{"$message_type":"diagnostic","level":"error","loc":{"path":"/home/williamz1008/Projects/MoonBit/qtgui/.mooncakes/Kaida-Amethyst/python/cpython/error.mbt","start":{"line":8,"col":1},"end":{"line":8,"col":49}},"message":"extern \"C\" is unsupported in wasm-gc backend.","error_code":4156}
{"$message_type":"diagnostic","level":"error","loc":{"path":"/home/williamz1008/Projects/MoonBit/qtgui/.mooncakes/Kaida-Amethyst/python/cpython/file.mbt","start":{"line":3,"col":1},"end":{"line":12,"col":35}},"message":"extern \"C\" is unsupported in wasm-gc backend.","error_code":4156}
{"$message_type":"diagnostic","level":"error","loc":{"path":"/home/williamz1008/Projects/MoonBit/qtgui/.mooncakes/Kaida-Amethyst/python/cpython/file.mbt","start":{"line":15,"col":1},"end":{"line":15,"col":95}},"message":"extern \"C\" is unsupported in wasm-gc backend.","error_code":4156}
{"$message_type":"diagnostic","level":"error","loc":{"path":"/home/williamz1008/Projects/MoonBit/qtgui/.mooncakes/Kaida-Amethyst/python/cpython/file.mbt","start":{"line":18,"col":1},"end":{"line":22,"col":32}},"message":"extern \"C\" is unsupported in wasm-gc backend.","error_code":4156}
{"$message_type":"diagnostic","level":"error","loc":{"path":"/home/williamz1008/Projects/MoonBit/qtgui/.mooncakes/Kaida-Amethyst/python/cpython/file.mbt","start":{"line":25,"col":1},"end":{"line":25,"col":96}},"message":"extern \"C\" is unsupported in wasm-gc backend.","error_code":4156}
{"$message_type":"diagnostic","level":"error","loc":{"path":"/home/williamz1008/Projects/MoonBit/qtgui/.mooncakes/Kaida-Amethyst/python/cpython/file.mbt","start":{"line":28,"col":1},"end":{"line":28,"col":101}},"message":"extern \"C\" is unsupported in wasm-gc backend.","error_code":4156}
{"$message_type":"diagnostic","level":"error","loc":{"path":"/home/williamz1008/Projects/MoonBit/qtgui/.mooncakes/Kaida-Amethyst/python/cpython/file.mbt","start":{"line":31,"col":1},"end":{"line":31,"col":91}},"message":"extern \"C\" is unsupported in wasm-gc backend.","error_code":4156}
{"$message_type":"diagnostic","level":"error","loc":{"path":"/home/williamz1008/Projects/MoonBit/qtgui/.mooncakes/Kaida-Amethyst/python/cpython/file.mbt","start":{"line":37,"col":1},"end":{"line":37,"col":104}},"message":"extern \"C\" is unsupported in wasm-gc backend.","error_code":4156}
{"$message_type":"diagnostic","level":"error","loc":{"path":"/home/williamz1008/Projects/MoonBit/qtgui/.mooncakes/Kaida-Amethyst/python/cpython/func.mbt","start":{"line":4,"col":1},"end":{"line":7,"col":36}},"message":"extern \"C\" is unsupported in wasm-gc backend.","error_code":4156}
{"$message_type":"diagnostic","level":"error","loc":{"path":"/home/williamz1008/Projects/MoonBit/qtgui/.mooncakes/Kaida-Amethyst/python/cpython/func.mbt","start":{"line":10,"col":1},"end":{"line":14,"col":48}},"message":"extern \"C\" is unsupported in wasm-gc backend.","error_code":4156}
{"$message_type":"diagnostic","level":"error","loc":{"path":"/home/williamz1008/Projects/MoonBit/qtgui/.mooncakes/Kaida-Amethyst/python/cpython/func.mbt","start":{"line":17,"col":1},"end":{"line":17,"col":94}},"message":"extern \"C\" is unsupported in wasm-gc backend.","error_code":4156}
{"$message_type":"diagnostic","level":"error","loc":{"path":"/home/williamz1008/Projects/MoonBit/qtgui/.mooncakes/Kaida-Amethyst/python/cpython/func.mbt","start":{"line":20,"col":1},"end":{"line":20,"col":100}},"message":"extern \"C\" is unsupported in wasm-gc backend.","error_code":4156}
{"$message_type":"diagnostic","level":"error","loc":{"path":"/home/williamz1008/Projects/MoonBit/qtgui/.mooncakes/Kaida-Amethyst/python/cpython/func.mbt","start":{"line":23,"col":1},"end":{"line":23,"col":98}},"message":"extern \"C\" is unsupported in wasm-gc backend.","error_code":4156}
{"$message_type":"diagnostic","level":"error","loc":{"path":"/home/williamz1008/Projects/MoonBit/qtgui/.mooncakes/Kaida-Amethyst/python/cpython/func.mbt","start":{"line":26,"col":1},"end":{"line":26,"col":102}},"message":"extern \"C\" is unsupported in wasm-gc backend.","error_code":4156}
{"$message_type":"diagnostic","level":"error","loc":{"path":"/home/williamz1008/Projects/MoonBit/qtgui/.mooncakes/Kaida-Amethyst/python/cpython/func.mbt","start":{"line":29,"col":1},"end":{"line":32,"col":36}},"message":"extern \"C\" is unsupported in wasm-gc backend.","error_code":4156}
{"$message_type":"diagnostic","level":"error","loc":{"path":"/home/williamz1008/Projects/MoonBit/qtgui/.mooncakes/Kaida-Amethyst/python/cpython/func.mbt","start":{"line":35,"col":1},"end":{"line":35,"col":107}},"message":"extern \"C\" is unsupported in wasm-gc backend.","error_code":4156}
{"$message_type":"diagnostic","level":"error","loc":{"path":"/home/williamz1008/Projects/MoonBit/qtgui/.mooncakes/Kaida-Amethyst/python/cpython/func.mbt","start":{"line":38,"col":1},"end":{"line":41,"col":38}},"message":"extern \"C\" is unsupported in wasm-gc backend.","error_code":4156}
{"$message_type":"diagnostic","level":"error","loc":{"path":"/home/williamz1008/Projects/MoonBit/qtgui/.mooncakes/Kaida-Amethyst/python/cpython/func.mbt","start":{"line":44,"col":1},"end":{"line":44,"col":100}},"message":"extern \"C\" is unsupported in wasm-gc backend.","error_code":4156}
{"$message_type":"diagnostic","level":"error","loc":{"path":"/home/williamz1008/Projects/MoonBit/qtgui/.mooncakes/Kaida-Amethyst/python/cpython/func.mbt","start":{"line":47,"col":1},"end":{"line":50,"col":35}},"message":"extern \"C\" is unsupported in wasm-gc backend.","error_code":4156}
{"$message_type":"diagnostic","level":"error","loc":{"path":"/home/williamz1008/Projects/MoonBit/qtgui/.mooncakes/Kaida-Amethyst/python/cpython/func.mbt","start":{"line":53,"col":1},"end":{"line":53,"col":108}},"message":"extern \"C\" is unsupported in wasm-gc backend.","error_code":4156}
{"$message_type":"diagnostic","level":"error","loc":{"path":"/home/williamz1008/Projects/MoonBit/qtgui/.mooncakes/Kaida-Amethyst/python/cpython/func.mbt","start":{"line":56,"col":1},"end":{"line":59,"col":39}},"message":"extern \"C\" is unsupported in wasm-gc backend.","error_code":4156}
{"$message_type":"diagnostic","level":"error","loc":{"path":"/home/williamz1008/Projects/MoonBit/qtgui/.mooncakes/Kaida-Amethyst/python/cpython/func.mbt","start":{"line":62,"col":1},"end":{"line":62,"col":92}},"message":"extern \"C\" is unsupported in wasm-gc backend.","error_code":4156}
{"$message_type":"diagnostic","level":"error","loc":{"path":"/home/williamz1008/Projects/MoonBit/qtgui/.mooncakes/Kaida-Amethyst/python/cpython/func.mbt","start":{"line":65,"col":1},"end":{"line":65,"col":94}},"message":"extern \"C\" is unsupported in wasm-gc backend.","error_code":4156}
{"$message_type":"diagnostic","level":"error","loc":{"path":"/home/williamz1008/Projects/MoonBit/qtgui/.mooncakes/Kaida-Amethyst/python/cpython/import.mbt","start":{"line":3,"col":1},"end":{"line":3,"col":82}},"message":"extern \"C\" is unsupported in wasm-gc backend.","error_code":4156}
{"$message_type":"diagnostic","level":"error","loc":{"path":"/home/williamz1008/Projects/MoonBit/qtgui/.mooncakes/Kaida-Amethyst/python/cpython/import.mbt","start":{"line":9,"col":1},"end":{"line":12,"col":45}},"message":"extern \"C\" is unsupported in wasm-gc backend.","error_code":4156}
{"$message_type":"diagnostic","level":"error","loc":{"path":"/home/williamz1008/Projects/MoonBit/qtgui/.mooncakes/Kaida-Amethyst/python/cpython/import.mbt","start":{"line":15,"col":1},"end":{"line":19,"col":47}},"message":"extern \"C\" is unsupported in wasm-gc backend.","error_code":4156}
{"$message_type":"diagnostic","level":"error","loc":{"path":"/home/williamz1008/Projects/MoonBit/qtgui/.mooncakes/Kaida-Amethyst/python/cpython/import.mbt","start":{"line":22,"col":1},"end":{"line":27,"col":58}},"message":"extern \"C\" is unsupported in wasm-gc backend.","error_code":4156}
{"$message_type":"diagnostic","level":"error","loc":{"path":"/home/williamz1008/Projects/MoonBit/qtgui/.mooncakes/Kaida-Amethyst/python/cpython/import.mbt","start":{"line":30,"col":1},"end":{"line":35,"col":51}},"message":"extern \"C\" is unsupported in wasm-gc backend.","error_code":4156}
{"$message_type":"diagnostic","level":"error","loc":{"path":"/home/williamz1008/Projects/MoonBit/qtgui/.mooncakes/Kaida-Amethyst/python/cpython/import.mbt","start":{"line":38,"col":1},"end":{"line":38,"col":88}},"message":"extern \"C\" is unsupported in wasm-gc backend.","error_code":4156}
{"$message_type":"diagnostic","level":"error","loc":{"path":"/home/williamz1008/Projects/MoonBit/qtgui/.mooncakes/Kaida-Amethyst/python/cpython/import.mbt","start":{"line":41,"col":1},"end":{"line":41,"col":97}},"message":"extern \"C\" is unsupported in wasm-gc backend.","error_code":4156}
{"$message_type":"diagnostic","level":"error","loc":{"path":"/home/williamz1008/Projects/MoonBit/qtgui/.mooncakes/Kaida-Amethyst/python/cpython/import.mbt","start":{"line":44,"col":1},"end":{"line":46,"col":46}},"message":"extern \"C\" is unsupported in wasm-gc backend.","error_code":4156}
{"$message_type":"diagnostic","level":"error","loc":{"path":"/home/williamz1008/Projects/MoonBit/qtgui/.mooncakes/Kaida-Amethyst/python/cpython/import.mbt","start":{"line":49,"col":1},"end":{"line":49,"col":90}},"message":"extern \"C\" is unsupported in wasm-gc backend.","error_code":4156}
{"$message_type":"diagnostic","level":"error","loc":{"path":"/home/williamz1008/Projects/MoonBit/qtgui/.mooncakes/Kaida-Amethyst/python/cpython/import.mbt","start":{"line":52,"col":1},"end":{"line":52,"col":95}},"message":"extern \"C\" is unsupported in wasm-gc backend.","error_code":4156}
{"$message_type":"diagnostic","level":"error","loc":{"path":"/home/williamz1008/Projects/MoonBit/qtgui/.mooncakes/Kaida-Amethyst/python/cpython/import.mbt","start":{"line":62,"col":1},"end":{"line":62,"col":112}},"message":"extern \"C\" is unsupported in wasm-gc backend.","error_code":4156}
{"$message_type":"diagnostic","level":"error","loc":{"path":"/home/williamz1008/Projects/MoonBit/qtgui/.mooncakes/Kaida-Amethyst/python/cpython/import.mbt","start":{"line":65,"col":1},"end":{"line":71,"col":48}},"message":"extern \"C\" is unsupported in wasm-gc backend.","error_code":4156}
{"$message_type":"diagnostic","level":"error","loc":{"path":"/home/williamz1008/Projects/MoonBit/qtgui/.mooncakes/Kaida-Amethyst/python/cpython/import.mbt","start":{"line":74,"col":1},"end":{"line":80,"col":54}},"message":"extern \"C\" is unsupported in wasm-gc backend.","error_code":4156}
{"$message_type":"diagnostic","level":"error","loc":{"path":"/home/williamz1008/Projects/MoonBit/qtgui/.mooncakes/Kaida-Amethyst/python/cpython/import.mbt","start":{"line":83,"col":1},"end":{"line":83,"col":101}},"message":"extern \"C\" is unsupported in wasm-gc backend.","error_code":4156}
{"$message_type":"diagnostic","level":"error","loc":{"path":"/home/williamz1008/Projects/MoonBit/qtgui/.mooncakes/Kaida-Amethyst/python/cpython/import.mbt","start":{"line":86,"col":1},"end":{"line":86,"col":90}},"message":"extern \"C\" is unsupported in wasm-gc backend.","error_code":4156}
{"$message_type":"diagnostic","level":"error","loc":{"path":"/home/williamz1008/Projects/MoonBit/qtgui/.mooncakes/Kaida-Amethyst/python/cpython/import.mbt","start":{"line":89,"col":1},"end":{"line":89,"col":100}},"message":"extern \"C\" is unsupported in wasm-gc backend.","error_code":4156}
{"$message_type":"diagnostic","level":"error","loc":{"path":"/home/williamz1008/Projects/MoonBit/qtgui/.mooncakes/Kaida-Amethyst/python/cpython/import.mbt","start":{"line":92,"col":1},"end":{"line":92,"col":59}},"message":"extern \"C\" is unsupported in wasm-gc backend.","error_code":4156}
{"$message_type":"diagnostic","level":"error","loc":{"path":"/home/williamz1008/Projects/MoonBit/qtgui/.mooncakes/Kaida-Amethyst/python/cpython/import.mbt","start":{"line":95,"col":1},"end":{"line":97,"col":47}},"message":"extern \"C\" is unsupported in wasm-gc backend.","error_code":4156}
{"$message_type":"diagnostic","level":"error","loc":{"path":"/home/williamz1008/Projects/MoonBit/qtgui/.mooncakes/Kaida-Amethyst/python/cpython/import.mbt","start":{"line":100,"col":1},"end":{"line":100,"col":101}},"message":"extern \"C\" is unsupported in wasm-gc backend.","error_code":4156}
{"$message_type":"diagnostic","level":"error","loc":{"path":"/home/williamz1008/Projects/MoonBit/qtgui/.mooncakes/Kaida-Amethyst/python/cpython/iter.mbt","start":{"line":3,"col":1},"end":{"line":3,"col":84}},"message":"extern \"C\" is unsupported in wasm-gc backend.","error_code":4156}
{"$message_type":"diagnostic","level":"error","loc":{"path":"/home/williamz1008/Projects/MoonBit/qtgui/.mooncakes/Kaida-Amethyst/python/cpython/lifecycle.mbt","start":{"line":2,"col":1},"end":{"line":2,"col":46}},"message":"extern \"C\" is unsupported in wasm-gc backend.","error_code":4156}
{"$message_type":"diagnostic","level":"error","loc":{"path":"/home/williamz1008/Projects/MoonBit/qtgui/.mooncakes/Kaida-Amethyst/python/cpython/lifecycle.mbt","start":{"line":5,"col":1},"end":{"line":5,"col":48}},"message":"extern \"C\" is unsupported in wasm-gc backend.","error_code":4156}
{"$message_type":"diagnostic","level":"error","loc":{"path":"/home/williamz1008/Projects/MoonBit/qtgui/.mooncakes/Kaida-Amethyst/python/cpython/lifecycle.mbt","start":{"line":8,"col":1},"end":{"line":8,"col":64}},"message":"extern \"C\" is unsupported in wasm-gc backend.","error_code":4156}
{"$message_type":"diagnostic","level":"error","loc":{"path":"/home/williamz1008/Projects/MoonBit/qtgui/.mooncakes/Kaida-Amethyst/python/cpython/list.mbt","start":{"line":3,"col":1},"end":{"line":3,"col":72}},"message":"extern \"C\" is unsupported in wasm-gc backend.","error_code":4156}
{"$message_type":"diagnostic","level":"error","loc":{"path":"/home/williamz1008/Projects/MoonBit/qtgui/.mooncakes/Kaida-Amethyst/python/cpython/list.mbt","start":{"line":6,"col":1},"end":{"line":6,"col":76}},"message":"extern \"C\" is unsupported in wasm-gc backend.","error_code":4156}
{"$message_type":"diagnostic","level":"error","loc":{"path":"/home/williamz1008/Projects/MoonBit/qtgui/.mooncakes/Kaida-Amethyst/python/cpython/list.mbt","start":{"line":9,"col":1},"end":{"line":12,"col":36}},"message":"extern \"C\" is unsupported in wasm-gc backend.","error_code":4156}
{"$message_type":"diagnostic","level":"error","loc":{"path":"/home/williamz1008/Projects/MoonBit/qtgui/.mooncakes/Kaida-Amethyst/python/cpython/list.mbt","start":{"line":15,"col":1},"end":{"line":19,"col":28}},"message":"extern \"C\" is unsupported in wasm-gc backend.","error_code":4156}
{"$message_type":"diagnostic","level":"error","loc":{"path":"/home/williamz1008/Projects/MoonBit/qtgui/.mooncakes/Kaida-Amethyst/python/cpython/list.mbt","start":{"line":22,"col":1},"end":{"line":26,"col":27}},"message":"extern \"C\" is unsupported in wasm-gc backend.","error_code":4156}
{"$message_type":"diagnostic","level":"error","loc":{"path":"/home/williamz1008/Projects/MoonBit/qtgui/.mooncakes/Kaida-Amethyst/python/cpython/list.mbt","start":{"line":29,"col":1},"end":{"line":29,"col":98}},"message":"extern \"C\" is unsupported in wasm-gc backend.","error_code":4156}
{"$message_type":"diagnostic","level":"error","loc":{"path":"/home/williamz1008/Projects/MoonBit/qtgui/.mooncakes/Kaida-Amethyst/python/cpython/list.mbt","start":{"line":32,"col":1},"end":{"line":36,"col":37}},"message":"extern \"C\" is unsupported in wasm-gc backend.","error_code":4156}
{"$message_type":"diagnostic","level":"error","loc":{"path":"/home/williamz1008/Projects/MoonBit/qtgui/.mooncakes/Kaida-Amethyst/python/cpython/list.mbt","start":{"line":39,"col":1},"end":{"line":44,"col":29}},"message":"extern \"C\" is unsupported in wasm-gc backend.","error_code":4156}
{"$message_type":"diagnostic","level":"error","loc":{"path":"/home/williamz1008/Projects/MoonBit/qtgui/.mooncakes/Kaida-Amethyst/python/cpython/list.mbt","start":{"line":47,"col":1},"end":{"line":47,"col":74}},"message":"extern \"C\" is unsupported in wasm-gc backend.","error_code":4156}
{"$message_type":"diagnostic","level":"error","loc":{"path":"/home/williamz1008/Projects/MoonBit/qtgui/.mooncakes/Kaida-Amethyst/python/cpython/list.mbt","start":{"line":50,"col":1},"end":{"line":50,"col":80}},"message":"extern \"C\" is unsupported in wasm-gc backend.","error_code":4156}
{"$message_type":"diagnostic","level":"error","loc":{"path":"/home/williamz1008/Projects/MoonBit/qtgui/.mooncakes/Kaida-Amethyst/python/cpython/list.mbt","start":{"line":53,"col":1},"end":{"line":53,"col":89}},"message":"extern \"C\" is unsupported in wasm-gc backend.","error_code":4156}
{"$message_type":"diagnostic","level":"error","loc":{"path":"/home/williamz1008/Projects/MoonBit/qtgui/.mooncakes/Kaida-Amethyst/python/cpython/module.mbt","start":{"line":4,"col":1},"end":{"line":4,"col":97}},"message":"extern \"C\" is unsupported in wasm-gc backend.","error_code":4156}
{"$message_type":"diagnostic","level":"error","loc":{"path":"/home/williamz1008/Projects/MoonBit/qtgui/.mooncakes/Kaida-Amethyst/python/cpython/module.mbt","start":{"line":7,"col":1},"end":{"line":7,"col":77}},"message":"extern \"C\" is unsupported in wasm-gc backend.","error_code":4156}
{"$message_type":"diagnostic","level":"error","loc":{"path":"/home/williamz1008/Projects/MoonBit/qtgui/.mooncakes/Kaida-Amethyst/python/cpython/module.mbt","start":{"line":10,"col":1},"end":{"line":10,"col":90}},"message":"extern \"C\" is unsupported in wasm-gc backend.","error_code":4156}
{"$message_type":"diagnostic","level":"error","loc":{"path":"/home/williamz1008/Projects/MoonBit/qtgui/.mooncakes/Kaida-Amethyst/python/cpython/module.mbt","start":{"line":13,"col":1},"end":{"line":13,"col":103}},"message":"extern \"C\" is unsupported in wasm-gc backend.","error_code":4156}
{"$message_type":"diagnostic","level":"error","loc":{"path":"/home/williamz1008/Projects/MoonBit/qtgui/.mooncakes/Kaida-Amethyst/python/cpython/module.mbt","start":{"line":16,"col":1},"end":{"line":16,"col":83}},"message":"extern \"C\" is unsupported in wasm-gc backend.","error_code":4156}
{"$message_type":"diagnostic","level":"error","loc":{"path":"/home/williamz1008/Projects/MoonBit/qtgui/.mooncakes/Kaida-Amethyst/python/cpython/module.mbt","start":{"line":19,"col":1},"end":{"line":19,"col":111}},"message":"extern \"C\" is unsupported in wasm-gc backend.","error_code":4156}
{"$message_type":"diagnostic","level":"error","loc":{"path":"/home/williamz1008/Projects/MoonBit/qtgui/.mooncakes/Kaida-Amethyst/python/cpython/number.mbt","start":{"line":4,"col":1},"end":{"line":4,"col":86}},"message":"extern \"C\" is unsupported in wasm-gc backend.","error_code":4156}
{"$message_type":"diagnostic","level":"error","loc":{"path":"/home/williamz1008/Projects/MoonBit/qtgui/.mooncakes/Kaida-Amethyst/python/cpython/number.mbt","start":{"line":8,"col":1},"end":{"line":8,"col":80}},"message":"extern \"C\" is unsupported in wasm-gc backend.","error_code":4156}
{"$message_type":"diagnostic","level":"error","loc":{"path":"/home/williamz1008/Projects/MoonBit/qtgui/.mooncakes/Kaida-Amethyst/python/cpython/number.mbt","start":{"line":12,"col":1},"end":{"line":12,"col":85}},"message":"extern \"C\" is unsupported in wasm-gc backend.","error_code":4156}
{"$message_type":"diagnostic","level":"error","loc":{"path":"/home/williamz1008/Projects/MoonBit/qtgui/.mooncakes/Kaida-Amethyst/python/cpython/number.mbt","start":{"line":17,"col":1},"end":{"line":17,"col":93}},"message":"extern \"C\" is unsupported in wasm-gc backend.","error_code":4156}
{"$message_type":"diagnostic","level":"error","loc":{"path":"/home/williamz1008/Projects/MoonBit/qtgui/.mooncakes/Kaida-Amethyst/python/cpython/number.mbt","start":{"line":20,"col":1},"end":{"line":20,"col":87}},"message":"extern \"C\" is unsupported in wasm-gc backend.","error_code":4156}
{"$message_type":"diagnostic","level":"error","loc":{"path":"/home/williamz1008/Projects/MoonBit/qtgui/.mooncakes/Kaida-Amethyst/python/cpython/number.mbt","start":{"line":23,"col":1},"end":{"line":23,"col":66}},"message":"extern \"C\" is unsupported in wasm-gc backend.","error_code":4156}
{"$message_type":"diagnostic","level":"error","loc":{"path":"/home/williamz1008/Projects/MoonBit/qtgui/.mooncakes/Kaida-Amethyst/python/cpython/number.mbt","start":{"line":26,"col":1},"end":{"line":26,"col":66}},"message":"extern \"C\" is unsupported in wasm-gc backend.","error_code":4156}
{"$message_type":"diagnostic","level":"error","loc":{"path":"/home/williamz1008/Projects/MoonBit/qtgui/.mooncakes/Kaida-Amethyst/python/cpython/number.mbt","start":{"line":29,"col":1},"end":{"line":29,"col":73}},"message":"extern \"C\" is unsupported in wasm-gc backend.","error_code":4156}
{"$message_type":"diagnostic","level":"error","loc":{"path":"/home/williamz1008/Projects/MoonBit/qtgui/.mooncakes/Kaida-Amethyst/python/cpython/number.mbt","start":{"line":32,"col":1},"end":{"line":32,"col":96}},"message":"extern \"C\" is unsupported in wasm-gc backend.","error_code":4156}
{"$message_type":"diagnostic","level":"error","loc":{"path":"/home/williamz1008/Projects/MoonBit/qtgui/.mooncakes/Kaida-Amethyst/python/cpython/number.mbt","start":{"line":36,"col":1},"end":{"line":39,"col":43}},"message":"extern \"C\" is unsupported in wasm-gc backend.","error_code":4156}
{"$message_type":"diagnostic","level":"error","loc":{"path":"/home/williamz1008/Projects/MoonBit/qtgui/.mooncakes/Kaida-Amethyst/python/cpython/number.mbt","start":{"line":42,"col":1},"end":{"line":42,"col":99}},"message":"extern \"C\" is unsupported in wasm-gc backend.","error_code":4156}
{"$message_type":"diagnostic","level":"error","loc":{"path":"/home/williamz1008/Projects/MoonBit/qtgui/.mooncakes/Kaida-Amethyst/python/cpython/number.mbt","start":{"line":45,"col":1},"end":{"line":45,"col":99}},"message":"extern \"C\" is unsupported in wasm-gc backend.","error_code":4156}
{"$message_type":"diagnostic","level":"error","loc":{"path":"/home/williamz1008/Projects/MoonBit/qtgui/.mooncakes/Kaida-Amethyst/python/cpython/number.mbt","start":{"line":49,"col":1},"end":{"line":49,"col":86}},"message":"extern \"C\" is unsupported in wasm-gc backend.","error_code":4156}
{"$message_type":"diagnostic","level":"error","loc":{"path":"/home/williamz1008/Projects/MoonBit/qtgui/.mooncakes/Kaida-Amethyst/python/cpython/object.mbt","start":{"line":2,"col":1},"end":{"line":2,"col":83}},"message":"extern \"C\" is unsupported in wasm-gc backend.","error_code":4156}
{"$message_type":"diagnostic","level":"error","loc":{"path":"/home/williamz1008/Projects/MoonBit/qtgui/.mooncakes/Kaida-Amethyst/python/cpython/object.mbt","start":{"line":5,"col":1},"end":{"line":5,"col":81}},"message":"extern \"C\" is unsupported in wasm-gc backend.","error_code":4156}
{"$message_type":"diagnostic","level":"error","loc":{"path":"/home/williamz1008/Projects/MoonBit/qtgui/.mooncakes/Kaida-Amethyst/python/cpython/object.mbt","start":{"line":8,"col":1},"end":{"line":8,"col":85}},"message":"extern \"C\" is unsupported in wasm-gc backend.","error_code":4156}
{"$message_type":"diagnostic","level":"error","loc":{"path":"/home/williamz1008/Projects/MoonBit/qtgui/.mooncakes/Kaida-Amethyst/python/cpython/object.mbt","start":{"line":11,"col":1},"end":{"line":11,"col":85}},"message":"extern \"C\" is unsupported in wasm-gc backend.","error_code":4156}
{"$message_type":"diagnostic","level":"error","loc":{"path":"/home/williamz1008/Projects/MoonBit/qtgui/.mooncakes/Kaida-Amethyst/python/cpython/object.mbt","start":{"line":14,"col":1},"end":{"line":18,"col":42}},"message":"extern \"C\" is unsupported in wasm-gc backend.","error_code":4156}
{"$message_type":"diagnostic","level":"error","loc":{"path":"/home/williamz1008/Projects/MoonBit/qtgui/.mooncakes/Kaida-Amethyst/python/cpython/object.mbt","start":{"line":21,"col":1},"end":{"line":25,"col":38}},"message":"extern \"C\" is unsupported in wasm-gc backend.","error_code":4156}
{"$message_type":"diagnostic","level":"error","loc":{"path":"/home/williamz1008/Projects/MoonBit/qtgui/.mooncakes/Kaida-Amethyst/python/cpython/object.mbt","start":{"line":28,"col":1},"end":{"line":31,"col":44}},"message":"extern \"C\" is unsupported in wasm-gc backend.","error_code":4156}
{"$message_type":"diagnostic","level":"error","loc":{"path":"/home/williamz1008/Projects/MoonBit/qtgui/.mooncakes/Kaida-Amethyst/python/cpython/object.mbt","start":{"line":40,"col":1},"end":{"line":44,"col":36}},"message":"extern \"C\" is unsupported in wasm-gc backend.","error_code":4156}
{"$message_type":"diagnostic","level":"error","loc":{"path":"/home/williamz1008/Projects/MoonBit/qtgui/.mooncakes/Kaida-Amethyst/python/cpython/object.mbt","start":{"line":57,"col":1},"end":{"line":57,"col":104}},"message":"extern \"C\" is unsupported in wasm-gc backend.","error_code":4156}
{"$message_type":"diagnostic","level":"error","loc":{"path":"/home/williamz1008/Projects/MoonBit/qtgui/.mooncakes/Kaida-Amethyst/python/cpython/object.mbt","start":{"line":66,"col":1},"end":{"line":69,"col":38}},"message":"extern \"C\" is unsupported in wasm-gc backend.","error_code":4156}
{"$message_type":"diagnostic","level":"error","loc":{"path":"/home/williamz1008/Projects/MoonBit/qtgui/.mooncakes/Kaida-Amethyst/python/cpython/object.mbt","start":{"line":72,"col":1},"end":{"line":76,"col":30}},"message":"extern \"C\" is unsupported in wasm-gc backend.","error_code":4156}
{"$message_type":"diagnostic","level":"error","loc":{"path":"/home/williamz1008/Projects/MoonBit/qtgui/.mooncakes/Kaida-Amethyst/python/cpython/object.mbt","start":{"line":79,"col":1},"end":{"line":79,"col":99}},"message":"extern \"C\" is unsupported in wasm-gc backend.","error_code":4156}
{"$message_type":"diagnostic","level":"error","loc":{"path":"/home/williamz1008/Projects/MoonBit/qtgui/.mooncakes/Kaida-Amethyst/python/cpython/object.mbt","start":{"line":82,"col":1},"end":{"line":82,"col":92}},"message":"extern \"C\" is unsupported in wasm-gc backend.","error_code":4156}
{"$message_type":"diagnostic","level":"error","loc":{"path":"/home/williamz1008/Projects/MoonBit/qtgui/.mooncakes/Kaida-Amethyst/python/cpython/object.mbt","start":{"line":85,"col":1},"end":{"line":88,"col":45}},"message":"extern \"C\" is unsupported in wasm-gc backend.","error_code":4156}
{"$message_type":"diagnostic","level":"error","loc":{"path":"/home/williamz1008/Projects/MoonBit/qtgui/.mooncakes/Kaida-Amethyst/python/cpython/object.mbt","start":{"line":91,"col":1},"end":{"line":95,"col":37}},"message":"extern \"C\" is unsupported in wasm-gc backend.","error_code":4156}
{"$message_type":"diagnostic","level":"error","loc":{"path":"/home/williamz1008/Projects/MoonBit/qtgui/.mooncakes/Kaida-Amethyst/python/cpython/object.mbt","start":{"line":100,"col":1},"end":{"line":100,"col":78}},"message":"extern \"C\" is unsupported in wasm-gc backend.","error_code":4156}
{"$message_type":"diagnostic","level":"error","loc":{"path":"/home/williamz1008/Projects/MoonBit/qtgui/.mooncakes/Kaida-Amethyst/python/cpython/object.mbt","start":{"line":108,"col":1},"end":{"line":108,"col":73}},"message":"extern \"C\" is unsupported in wasm-gc backend.","error_code":4156}
{"$message_type":"diagnostic","level":"error","loc":{"path":"/home/williamz1008/Projects/MoonBit/qtgui/.mooncakes/Kaida-Amethyst/python/cpython/object.mbt","start":{"line":111,"col":1},"end":{"line":111,"col":88}},"message":"extern \"C\" is unsupported in wasm-gc backend.","error_code":4156}
{"$message_type":"diagnostic","level":"error","loc":{"path":"/home/williamz1008/Projects/MoonBit/qtgui/.mooncakes/Kaida-Amethyst/python/cpython/object.mbt","start":{"line":114,"col":1},"end":{"line":114,"col":81}},"message":"extern \"C\" is unsupported in wasm-gc backend.","error_code":4156}
{"$message_type":"diagnostic","level":"error","loc":{"path":"/home/williamz1008/Projects/MoonBit/qtgui/.mooncakes/Kaida-Amethyst/python/cpython/object.mbt","start":{"line":117,"col":1},"end":{"line":117,"col":73}},"message":"extern \"C\" is unsupported in wasm-gc backend.","error_code":4156}
{"$message_type":"diagnostic","level":"error","loc":{"path":"/home/williamz1008/Projects/MoonBit/qtgui/.mooncakes/Kaida-Amethyst/python/cpython/object.mbt","start":{"line":120,"col":1},"end":{"line":120,"col":66}},"message":"extern \"C\" is unsupported in wasm-gc backend.","error_code":4156}
{"$message_type":"diagnostic","level":"error","loc":{"path":"/home/williamz1008/Projects/MoonBit/qtgui/.mooncakes/Kaida-Amethyst/python/cpython/object.mbt","start":{"line":123,"col":1},"end":{"line":123,"col":76}},"message":"extern \"C\" is unsupported in wasm-gc backend.","error_code":4156}
{"$message_type":"diagnostic","level":"error","loc":{"path":"/home/williamz1008/Projects/MoonBit/qtgui/.mooncakes/Kaida-Amethyst/python/cpython/object.mbt","start":{"line":126,"col":1},"end":{"line":126,"col":75}},"message":"extern \"C\" is unsupported in wasm-gc backend.","error_code":4156}
{"$message_type":"diagnostic","level":"error","loc":{"path":"/home/williamz1008/Projects/MoonBit/qtgui/.mooncakes/Kaida-Amethyst/python/cpython/object.mbt","start":{"line":135,"col":1},"end":{"line":135,"col":76}},"message":"extern \"C\" is unsupported in wasm-gc backend.","error_code":4156}
{"$message_type":"diagnostic","level":"error","loc":{"path":"/home/williamz1008/Projects/MoonBit/qtgui/.mooncakes/Kaida-Amethyst/python/cpython/object.mbt","start":{"line":143,"col":1},"end":{"line":143,"col":74}},"message":"extern \"C\" is unsupported in wasm-gc backend.","error_code":4156}
{"$message_type":"diagnostic","level":"error","loc":{"path":"/home/williamz1008/Projects/MoonBit/qtgui/.mooncakes/Kaida-Amethyst/python/cpython/object.mbt","start":{"line":156,"col":1},"end":{"line":156,"col":74}},"message":"extern \"C\" is unsupported in wasm-gc backend.","error_code":4156}
{"$message_type":"diagnostic","level":"error","loc":{"path":"/home/williamz1008/Projects/MoonBit/qtgui/.mooncakes/Kaida-Amethyst/python/cpython/object.mbt","start":{"line":169,"col":1},"end":{"line":169,"col":72}},"message":"extern \"C\" is unsupported in wasm-gc backend.","error_code":4156}
{"$message_type":"diagnostic","level":"error","loc":{"path":"/home/williamz1008/Projects/MoonBit/qtgui/.mooncakes/Kaida-Amethyst/python/cpython/object.mbt","start":{"line":182,"col":1},"end":{"line":182,"col":72}},"message":"extern \"C\" is unsupported in wasm-gc backend.","error_code":4156}
{"$message_type":"diagnostic","level":"error","loc":{"path":"/home/williamz1008/Projects/MoonBit/qtgui/.mooncakes/Kaida-Amethyst/python/cpython/object.mbt","start":{"line":195,"col":1},"end":{"line":195,"col":76}},"message":"extern \"C\" is unsupported in wasm-gc backend.","error_code":4156}
{"$message_type":"diagnostic","level":"error","loc":{"path":"/home/williamz1008/Projects/MoonBit/qtgui/.mooncakes/Kaida-Amethyst/python/cpython/object.mbt","start":{"line":208,"col":1},"end":{"line":208,"col":78}},"message":"extern \"C\" is unsupported in wasm-gc backend.","error_code":4156}
{"$message_type":"diagnostic","level":"error","loc":{"path":"/home/williamz1008/Projects/MoonBit/qtgui/.mooncakes/Kaida-Amethyst/python/cpython/object.mbt","start":{"line":221,"col":1},"end":{"line":221,"col":74}},"message":"extern \"C\" is unsupported in wasm-gc backend.","error_code":4156}
{"$message_type":"diagnostic","level":"error","loc":{"path":"/home/williamz1008/Projects/MoonBit/qtgui/.mooncakes/Kaida-Amethyst/python/cpython/object.mbt","start":{"line":234,"col":1},"end":{"line":234,"col":78}},"message":"extern \"C\" is unsupported in wasm-gc backend.","error_code":4156}
{"$message_type":"diagnostic","level":"error","loc":{"path":"/home/williamz1008/Projects/MoonBit/qtgui/.mooncakes/Kaida-Amethyst/python/cpython/object.mbt","start":{"line":247,"col":1},"end":{"line":247,"col":80}},"message":"extern \"C\" is unsupported in wasm-gc backend.","error_code":4156}
{"$message_type":"diagnostic","level":"error","loc":{"path":"/home/williamz1008/Projects/MoonBit/qtgui/.mooncakes/Kaida-Amethyst/python/cpython/object.mbt","start":{"line":260,"col":1},"end":{"line":260,"col":83}},"message":"extern \"C\" is unsupported in wasm-gc backend.","error_code":4156}
{"$message_type":"diagnostic","level":"error","loc":{"path":"/home/williamz1008/Projects/MoonBit/qtgui/.mooncakes/Kaida-Amethyst/python/cpython/object.mbt","start":{"line":273,"col":1},"end":{"line":273,"col":74}},"message":"extern \"C\" is unsupported in wasm-gc backend.","error_code":4156}
{"$message_type":"diagnostic","level":"error","loc":{"path":"/home/williamz1008/Projects/MoonBit/qtgui/.mooncakes/Kaida-Amethyst/python/cpython/odict.mbt","start":{"line":3,"col":1},"end":{"line":3,"col":64}},"message":"extern \"C\" is unsupported in wasm-gc backend.","error_code":4156}
{"$message_type":"diagnostic","level":"error","loc":{"path":"/home/williamz1008/Projects/MoonBit/qtgui/.mooncakes/Kaida-Amethyst/python/cpython/odict.mbt","start":{"line":6,"col":1},"end":{"line":10,"col":29}},"message":"extern \"C\" is unsupported in wasm-gc backend.","error_code":4156}
{"$message_type":"diagnostic","level":"error","loc":{"path":"/home/williamz1008/Projects/MoonBit/qtgui/.mooncakes/Kaida-Amethyst/python/cpython/odict.mbt","start":{"line":13,"col":1},"end":{"line":13,"col":100}},"message":"extern \"C\" is unsupported in wasm-gc backend.","error_code":4156}
{"$message_type":"diagnostic","level":"error","loc":{"path":"/home/williamz1008/Projects/MoonBit/qtgui/.mooncakes/Kaida-Amethyst/python/cpython/set.mbt","start":{"line":3,"col":1},"end":{"line":3,"col":75}},"message":"extern \"C\" is unsupported in wasm-gc backend.","error_code":4156}
{"$message_type":"diagnostic","level":"error","loc":{"path":"/home/williamz1008/Projects/MoonBit/qtgui/.mooncakes/Kaida-Amethyst/python/cpython/set.mbt","start":{"line":6,"col":1},"end":{"line":6,"col":88}},"message":"extern \"C\" is unsupported in wasm-gc backend.","error_code":4156}
{"$message_type":"diagnostic","level":"error","loc":{"path":"/home/williamz1008/Projects/MoonBit/qtgui/.mooncakes/Kaida-Amethyst/python/cpython/set.mbt","start":{"line":9,"col":1},"end":{"line":9,"col":88}},"message":"extern \"C\" is unsupported in wasm-gc backend.","error_code":4156}
{"$message_type":"diagnostic","level":"error","loc":{"path":"/home/williamz1008/Projects/MoonBit/qtgui/.mooncakes/Kaida-Amethyst/python/cpython/set.mbt","start":{"line":12,"col":1},"end":{"line":12,"col":73}},"message":"extern \"C\" is unsupported in wasm-gc backend.","error_code":4156}
{"$message_type":"diagnostic","level":"error","loc":{"path":"/home/williamz1008/Projects/MoonBit/qtgui/.mooncakes/Kaida-Amethyst/python/cpython/set.mbt","start":{"line":15,"col":1},"end":{"line":18,"col":28}},"message":"extern \"C\" is unsupported in wasm-gc backend.","error_code":4156}
{"$message_type":"diagnostic","level":"error","loc":{"path":"/home/williamz1008/Projects/MoonBit/qtgui/.mooncakes/Kaida-Amethyst/python/cpython/set.mbt","start":{"line":21,"col":1},"end":{"line":21,"col":96}},"message":"extern \"C\" is unsupported in wasm-gc backend.","error_code":4156}
{"$message_type":"diagnostic","level":"error","loc":{"path":"/home/williamz1008/Projects/MoonBit/qtgui/.mooncakes/Kaida-Amethyst/python/cpython/set.mbt","start":{"line":24,"col":1},"end":{"line":24,"col":77}},"message":"extern \"C\" is unsupported in wasm-gc backend.","error_code":4156}
{"$message_type":"diagnostic","level":"error","loc":{"path":"/home/williamz1008/Projects/MoonBit/qtgui/.mooncakes/Kaida-Amethyst/python/cpython/set.mbt","start":{"line":27,"col":1},"end":{"line":27,"col":76}},"message":"extern \"C\" is unsupported in wasm-gc backend.","error_code":4156}
{"$message_type":"diagnostic","level":"error","loc":{"path":"/home/williamz1008/Projects/MoonBit/qtgui/.mooncakes/Kaida-Amethyst/python/cpython/tuple.mbt","start":{"line":3,"col":1},"end":{"line":3,"col":74}},"message":"extern \"C\" is unsupported in wasm-gc backend.","error_code":4156}
{"$message_type":"diagnostic","level":"error","loc":{"path":"/home/williamz1008/Projects/MoonBit/qtgui/.mooncakes/Kaida-Amethyst/python/cpython/tuple.mbt","start":{"line":6,"col":1},"end":{"line":6,"col":79}},"message":"extern \"C\" is unsupported in wasm-gc backend.","error_code":4156}
{"$message_type":"diagnostic","level":"error","loc":{"path":"/home/williamz1008/Projects/MoonBit/qtgui/.mooncakes/Kaida-Amethyst/python/cpython/tuple.mbt","start":{"line":9,"col":1},"end":{"line":12,"col":37}},"message":"extern \"C\" is unsupported in wasm-gc backend.","error_code":4156}
{"$message_type":"diagnostic","level":"error","loc":{"path":"/home/williamz1008/Projects/MoonBit/qtgui/.mooncakes/Kaida-Amethyst/python/cpython/tuple.mbt","start":{"line":15,"col":1},"end":{"line":19,"col":29}},"message":"extern \"C\" is unsupported in wasm-gc backend.","error_code":4156}
{"$message_type":"diagnostic","level":"error","loc":{"path":"/home/williamz1008/Projects/MoonBit/qtgui/.mooncakes/Kaida-Amethyst/python/cpython/tuple.mbt","start":{"line":22,"col":1},"end":{"line":26,"col":38}},"message":"extern \"C\" is unsupported in wasm-gc backend.","error_code":4156}
{"$message_type":"diagnostic","level":"error","loc":{"path":"/home/williamz1008/Projects/MoonBit/qtgui/.mooncakes/Kaida-Amethyst/python/cpython/unicode.mbt","start":{"line":3,"col":1},"end":{"line":6,"col":49}},"message":"extern \"C\" is unsupported in wasm-gc backend.","error_code":4156}
{"$message_type":"diagnostic","level":"error","loc":{"path":"/home/williamz1008/Projects/MoonBit/qtgui/.mooncakes/Kaida-Amethyst/python/cpython/unicode.mbt","start":{"line":9,"col":1},"end":{"line":12,"col":49}},"message":"extern \"C\" is unsupported in wasm-gc backend.","error_code":4156}
{"$message_type":"diagnostic","level":"error","loc":{"path":"/home/williamz1008/Projects/MoonBit/qtgui/.mooncakes/Kaida-Amethyst/python/cpython/unicode.mbt","start":{"line":15,"col":1},"end":{"line":15,"col":89}},"message":"extern \"C\" is unsupported in wasm-gc backend.","error_code":4156}
{"$message_type":"diagnostic","level":"error","loc":{"path":"/home/williamz1008/Projects/MoonBit/qtgui/.mooncakes/Kaida-Amethyst/python/cpython/unicode.mbt","start":{"line":25,"col":1},"end":{"line":25,"col":81}},"message":"extern \"C\" is unsupported in wasm-gc backend.","error_code":4156}
{"$message_type":"diagnostic","level":"error","loc":{"path":"/home/williamz1008/Projects/MoonBit/qtgui/.mooncakes/Kaida-Amethyst/python/cpython/unicode.mbt","start":{"line":28,"col":1},"end":{"line":28,"col":105}},"message":"extern \"C\" is unsupported in wasm-gc backend.","error_code":4156}
{"$message_type":"diagnostic","level":"error","loc":{"path":"/home/williamz1008/Projects/MoonBit/qtgui/.mooncakes/Kaida-Amethyst/python/cpython/unicode.mbt","start":{"line":31,"col":1},"end":{"line":31,"col":107}},"message":"extern \"C\" is unsupported in wasm-gc backend.","error_code":4156}
{"$message_type":"diagnostic","level":"error","loc":{"path":"/home/williamz1008/Projects/MoonBit/qtgui/.mooncakes/Kaida-Amethyst/python/cpython/unicode.mbt","start":{"line":40,"col":1},"end":{"line":44,"col":47}},"message":"extern \"C\" is unsupported in wasm-gc backend.","error_code":4156}
